[09:40:29] [Client thread/INFO]: Setting user: Player422
[09:40:34] [Client thread/INFO]: LWJGL Version: 2.9.2
[09:40:40] [Client thread/INFO]: Reloading ResourceManager: Default, FMLFileResourcePack:Forge Mod Loader, FMLFileResourcePack:Minecraft Forge, FMLFileResourcePack:TimeChanger
[09:40:41] [Sound Library Loader/INFO]: Starting up SoundSystem...
[09:40:41] [Thread-7/INFO]: Initializing LWJGL OpenAL
[09:40:41] [Thread-7/INFO]: (The LWJGL binding of OpenAL.  For more information, see http://www.lwjgl.org)
[09:40:41] [Thread-7/INFO]: OpenAL initialized.
[09:40:41] [Sound Library Loader/INFO]: Sound engine started
[09:40:48] [Client thread/INFO]: Created: 16x16 textures-atlas
[09:40:49] [Client thread/INFO]: Reloading ResourceManager: Default, FMLFileResourcePack:Forge Mod Loader, FMLFileResourcePack:Minecraft Forge, FMLFileResourcePack:TimeChanger
[09:40:49] [Client thread/INFO]: SoundSystem shutting down...
[09:40:49] [Client thread/WARN]: Author: Paul Lamb, www.paulscode.com
[09:40:49] [Sound Library Loader/INFO]: Starting up SoundSystem...
[09:40:50] [Thread-9/INFO]: Initializing LWJGL OpenAL
[09:40:50] [Thread-9/INFO]: (The LWJGL binding of OpenAL.  For more information, see http://www.lwjgl.org)
[09:40:50] [Thread-9/INFO]: OpenAL initialized.
[09:40:50] [Sound Library Loader/INFO]: Sound engine started
[09:40:55] [Client thread/INFO]: Created: 512x512 textures-atlas
[09:41:14] [Server thread/INFO]: Starting integrated minecraft server version 1.8.9
[09:41:14] [Server thread/INFO]: Generating keypair
[09:41:14] [Server thread/INFO]: Preparing start region for level 0
[09:41:16] [Server thread/INFO]: Changing view distance to 12, from 10
[09:41:17] [Server thread/INFO]: Player422[local:E:f231c6a9] logged in with entity id 286 at (217.6472277029135, 71.0, 228.48728783149053)
[09:41:17] [Server thread/INFO]: Player422 joined the game
[09:41:22] [Server thread/INFO]: Saving and pausing game...
[09:41:22] [Server thread/INFO]: Saving chunks for level 'New World'/Overworld
[09:41:22] [Server thread/INFO]: Saving chunks for level 'New World'/Nether
[09:41:22] [Server thread/INFO]: Saving chunks for level 'New World'/The End
[09:41:37] [Server thread/INFO]: Player422 has just earned the achievement [Taking Inventory]
[09:41:37] [Client thread/INFO]: [CHAT] Player422 has just earned the achievement [Taking Inventory]
[09:41:43] [Server thread/INFO]: [Player422: Set own game mode to Creative Mode]
[09:41:43] [Client thread/INFO]: [CHAT] Your game mode has been updated
[09:43:29] [Server thread/INFO]: Saving and pausing game...
[09:43:29] [Server thread/INFO]: Saving chunks for level 'New World'/Overworld
[09:43:29] [Server thread/INFO]: Saving chunks for level 'New World'/Nether
[09:43:29] [Server thread/INFO]: Saving chunks for level 'New World'/The End
[09:43:45] [Server thread/INFO]: Saving and pausing game...
[09:43:45] [Server thread/INFO]: Saving chunks for level 'New World'/Overworld
[09:43:45] [Server thread/INFO]: Saving chunks for level 'New World'/Nether
[09:43:45] [Server thread/INFO]: Saving chunks for level 'New World'/The End
[09:43:45] [Server thread/INFO]: Stopping server
[09:43:45] [Server thread/INFO]: Saving players
[09:43:45] [Server thread/INFO]: Saving worlds
[09:43:45] [Server thread/INFO]: Saving chunks for level 'New World'/Overworld
[09:43:45] [Server thread/INFO]: Saving chunks for level 'New World'/Nether
[09:43:45] [Server thread/INFO]: Saving chunks for level 'New World'/The End
[09:43:47] [Client thread/INFO]: Stopping!
[09:43:47] [Client thread/INFO]: SoundSystem shutting down...
[09:43:47] [Client thread/WARN]: Author: Paul Lamb, www.paulscode.com
