#
# A fatal error has been detected by the Java Runtime Environment:
#
#  SIGSEGV (0xb) at pc=0x00007fff67a1dfe2, pid=43975, tid=0x0000000000000f03
#
# JRE version: Java(TM) SE Runtime Environment (8.0_261-b12) (build 1.8.0_261-b12)
# Java VM: Java HotSpot(TM) 64-Bit Server VM (25.261-b12 mixed mode bsd-amd64 compressed oops)
# Problematic frame:
# C  [libobjc.A.dylib+0x16fe2]  _ZL24initializeAndMaybeRelockP10objc_classP11objc_objectR8mutex_ttILb0EEb+0x56
#
# Failed to write core dump. Core dumps have been disabled. To enable core dumping, try "ulimit -c unlimited" before starting Java again
#
# If you would like to submit a bug report, please visit:
#   http://bugreport.java.com/bugreport/crash.jsp
# The crash happened outside the Java Virtual Machine in native code.
# See problematic frame for where to report the bug.
#

---------------  T H R E A D  ---------------

Current thread (0x00007fa458009000):  JavaThread "Client thread" [_thread_in_native, id=3843, stack(0x00007000028a6000,0x00007000029a6000)]

siginfo: si_signo: 11 (SIGSEGV), si_code: 1 (SEGV_MAPERR), si_addr: 0x0000000000000000

Registers:
RAX=0x0000000000000000, RBX=0x00007ffffffffff8, RCX=0x00007fa45600b000, RDX=0x0000000000000001
RSP=0x00007000029a3d10, RBP=0x00007000029a3d30, RSI=0x00007fa45ff3acd0, RDI=0x00007fa45ff3acd0
R8 =0x0000000000000100, R9 =0x00007fff86020000, R10=0x00000000000000ff, R11=0x0000000000000000
R12=0x00007fff86020000, R13=0x00007fff72f45dd3, R14=0x0000000000000001, R15=0x00007fa45ff3acd0
RIP=0x00007fff67a1dfe2, EFLAGS=0x0000000000010246, ERR=0x0000000000000004
  TRAPNO=0x000000000000000e

Top of Stack: (sp=0x00007000029a3d10)
0x00007000029a3d10:   00007fa4578fbbb0 00007fff86020000
0x00007000029a3d20:   00007fa45ff3acd0 0000000000000003
0x00007000029a3d30:   00007000029a42d0 00007fff67a0ed45
0x00007000029a3d40:   00007fa4578f77c0 000000000000000c
0x00007000029a3d50:   00007fff86020000 00007fff67a0eb27
0x00007000029a3d60:   0000000000000002 0000000000004623
0x00007000029a3d70:   00007000029a3e20 00007fff68dc2b90
0x00007000029a3d80:   00007fa455fa5f41 00007fff67a0e56c
0x00007000029a3d90:   00007fa4578f77c0 00000000ffdcb7f3
0x00007000029a3da0:   00007000029a4340 00007fff67a0e954
0x00007000029a3db0:   0000000000000000 0000000000000000
0x00007000029a3dc0:   00007000029a3f00 00007fff68d7ba3d
0x00007000029a3dd0:   0000000000000002 000000010977fa00
0x00007000029a3de0:   0000000000001400 000000010977d080
0x00007000029a3df0:   0000000000000002 0000000109780e00
0x00007000029a3e00:   00007000029a3ea0 00007fff68d7b297
0x00007000029a3e10:   0000000000000000 f694000070001002
0x00007000029a3e20:   000000000000ffff 0000000000000000
0x00007000029a3e30:   0000002800000000 00007000029a3f50
0x00007000029a3e40:   0000000000000050 0000000000001400
0x00007000029a3e50:   0000000000002715 0000000000000002
0x00007000029a3e60:   0000000080000000 0000000000000002
0x00007000029a3e70:   00007fa4578f9650 00007fa4578f9650
0x00007000029a3e80:   0000000000000020 0000000109780e00
0x00007000029a3e90:   00007000029a3f20 0000000368d7e2d6
0x00007000029a3ea0:   00007fa45d806d60 00007fff68d7a0c6
0x00007000029a3eb0:   0000000129c9dc68 0000000c00000002
0x00007000029a3ec0:   00007fff8f4b3000 00007fa457800000
0x00007000029a3ed0:   00007fa4578f9650 00007fa4578f9670
0x00007000029a3ee0:   0000000000000002 000000010977d080
0x00007000029a3ef0:   00007fa4578f77c0 0000000000000002
0x00007000029a3f00:   0000000129c9dc68 0000000e00000002 

Instructions: (pc=0x00007fff67a1dfe2)
0x00007fff67a1dfc2:   75 4a 4c 89 e7 e8 01 01 00 00 49 89 c7 48 8b 00
0x00007fff67a1dfd2:   48 ff c8 48 83 f8 0f 72 0c 49 8b 47 20 48 21 d8
0x00007fff67a1dfe2:   83 38 00 78 53 45 31 e4 4c 89 ff 31 f6 e8 8a 03
0x00007fff67a1dff2:   00 00 48 85 c0 74 3c 49 89 c7 41 f6 c7 01 0f 85 

Register to memory mapping:

RAX=0x0000000000000000 is an unknown value
RBX=0x00007ffffffffff8 is an unknown value
RCX=0x00007fa45600b000 is an unknown value
RDX=0x0000000000000001 is an unknown value
RSP=0x00007000029a3d10 is pointing into the stack for thread: 0x00007fa458009000
RBP=0x00007000029a3d30 is pointing into the stack for thread: 0x00007fa458009000
RSI=0x00007fa45ff3acd0 is an unknown value
RDI=0x00007fa45ff3acd0 is an unknown value
R8 =0x0000000000000100 is an unknown value
R9 =0x00007fff86020000: OBJC_METACLASS_$_NSTableHeaderCellView+0 in /System/Library/Frameworks/AppKit.framework/Versions/C/AppKit at 0x00007fff2bf22000
R10=0x00000000000000ff is an unknown value
R11=0x0000000000000000 is an unknown value
R12=0x00007fff86020000: OBJC_METACLASS_$_NSTableHeaderCellView+0 in /System/Library/Frameworks/AppKit.framework/Versions/C/AppKit at 0x00007fff2bf22000
R13=0x00007fff72f45dd3: GCC_except_table740+0xb50ef03 in /usr/lib/libobjc.A.dylib at 0x00007fff67a07000
R14=0x0000000000000001 is an unknown value
R15=0x00007fa45ff3acd0 is an unknown value


Stack: [0x00007000028a6000,0x00007000029a6000],  sp=0x00007000029a3d10,  free space=1015k
Native frames: (J=compiled Java code, j=interpreted, Vv=VM code, C=native code)
C  [libobjc.A.dylib+0x16fe2]  _ZL24initializeAndMaybeRelockP10objc_classP11objc_objectR8mutex_ttILb0EEb+0x56
C  [libobjc.A.dylib+0x7d45]  lookUpImpOrForward+0x430
C  [libobjc.A.dylib+0x7399]  _objc_msgSend_uncached+0x49
C  [libobjc.A.dylib+0x24054]  _ZN19AutoreleasePoolPage12releaseUntilEPP11objc_object+0x86
C  [libobjc.A.dylib+0x8dba]  objc_autoreleasePoolPop+0xaf
C  [CoreFoundation+0x41a85]  _CFAutoreleasePoolPop+0x16
C  [Foundation+0x1ea81]  -[NSAutoreleasePool release]+0x81
j  org.lwjgl.opengl.MacOSXContextImplementation.setView(Ljava/nio/ByteBuffer;Ljava/nio/ByteBuffer;)V+0
j  org.lwjgl.opengl.MacOSXContextImplementation.makeCurrent(Lorg/lwjgl/opengl/PeerInfo;Ljava/nio/ByteBuffer;)V+7
j  org.lwjgl.opengl.ContextGL.makeCurrent()V+46
j  org.lwjgl.opengl.DrawableGL.makeCurrent()V+14
j  org.lwjgl.opengl.Display.makeCurrent()V+3
j  org.lwjgl.opengl.Display.makeCurrentAndSetSwapInterval()V+0
j  org.lwjgl.opengl.Display.create(Lorg/lwjgl/opengl/PixelFormat;Lorg/lwjgl/opengl/Drawable;Lorg/lwjgl/opengl/ContextAttribs;)V+108
j  org.lwjgl.opengl.Display.create(Lorg/lwjgl/opengl/PixelFormat;)V+12
j  net.minecraft.client.Minecraft.createDisplay()V+22
j  net.minecraft.client.Minecraft.startGame()V+115
j  net.minecraft.client.Minecraft.run()V+6
j  net.minecraft.client.main.Main.main([Ljava/lang/String;)V+1068
v  ~StubRoutines::call_stub
V  [libjvm.dylib+0x2d42cd]
V  [libjvm.dylib+0x4d95d3]
V  [libjvm.dylib+0x4da2a2]
V  [libjvm.dylib+0x345d95]
j  sun.reflect.NativeMethodAccessorImpl.invoke0(Ljava/lang/reflect/Method;Ljava/lang/Object;[Ljava/lang/Object;)Ljava/lang/Object;+0
j  sun.reflect.NativeMethodAccessorImpl.invoke(Ljava/lang/Object;[Ljava/lang/Object;)Ljava/lang/Object;+100
J 1183 C1 sun.reflect.DelegatingMethodAccessorImpl.invoke(Ljava/lang/Object;[Ljava/lang/Object;)Ljava/lang/Object; (10 bytes) @ 0x000000010d06674c [0x000000010d066640+0x10c]
J 1182 C1 java.lang.reflect.Method.invoke(Ljava/lang/Object;[Ljava/lang/Object;)Ljava/lang/Object; (62 bytes) @ 0x000000010d060f5c [0x000000010d060b60+0x3fc]
j  net.minecraft.launchwrapper.Launch.launch([Ljava/lang/String;)V+661
j  net.minecraft.launchwrapper.Launch.main([Ljava/lang/String;)V+8
v  ~StubRoutines::call_stub
V  [libjvm.dylib+0x2d42cd]
V  [libjvm.dylib+0x4d95d3]
V  [libjvm.dylib+0x4da2a2]
V  [libjvm.dylib+0x345d95]
j  sun.reflect.NativeMethodAccessorImpl.invoke0(Ljava/lang/reflect/Method;Ljava/lang/Object;[Ljava/lang/Object;)Ljava/lang/Object;+0
j  sun.reflect.NativeMethodAccessorImpl.invoke(Ljava/lang/Object;[Ljava/lang/Object;)Ljava/lang/Object;+100
j  sun.reflect.DelegatingMethodAccessorImpl.invoke(Ljava/lang/Object;[Ljava/lang/Object;)Ljava/lang/Object;+6
j  java.lang.reflect.Method.invoke(Ljava/lang/Object;[Ljava/lang/Object;)Ljava/lang/Object;+56
j  net.minecraftforge.gradle.GradleStartCommon.launch([Ljava/lang/String;)V+169
j  GradleStart.main([Ljava/lang/String;)V+11
v  ~StubRoutines::call_stub
V  [libjvm.dylib+0x2d42cd]
V  [libjvm.dylib+0x305237]
V  [libjvm.dylib+0x3088e7]
C  [java+0x31fc]  JavaMain+0x9dc
C  [libsystem_pthread.dylib+0x6109]  _pthread_start+0x94
C  [libsystem_pthread.dylib+0x1b8b]  thread_start+0xf
C  0x0000000000000000

Java frames: (J=compiled Java code, j=interpreted, Vv=VM code)
j  org.lwjgl.opengl.MacOSXContextImplementation.setView(Ljava/nio/ByteBuffer;Ljava/nio/ByteBuffer;)V+0
j  org.lwjgl.opengl.MacOSXContextImplementation.makeCurrent(Lorg/lwjgl/opengl/PeerInfo;Ljava/nio/ByteBuffer;)V+7
j  org.lwjgl.opengl.ContextGL.makeCurrent()V+46
j  org.lwjgl.opengl.DrawableGL.makeCurrent()V+14
j  org.lwjgl.opengl.Display.makeCurrent()V+3
j  org.lwjgl.opengl.Display.makeCurrentAndSetSwapInterval()V+0
j  org.lwjgl.opengl.Display.create(Lorg/lwjgl/opengl/PixelFormat;Lorg/lwjgl/opengl/Drawable;Lorg/lwjgl/opengl/ContextAttribs;)V+108
j  org.lwjgl.opengl.Display.create(Lorg/lwjgl/opengl/PixelFormat;)V+12
j  net.minecraft.client.Minecraft.createDisplay()V+22
j  net.minecraft.client.Minecraft.startGame()V+115
j  net.minecraft.client.Minecraft.run()V+6
j  net.minecraft.client.main.Main.main([Ljava/lang/String;)V+1068
v  ~StubRoutines::call_stub
j  sun.reflect.NativeMethodAccessorImpl.invoke0(Ljava/lang/reflect/Method;Ljava/lang/Object;[Ljava/lang/Object;)Ljava/lang/Object;+0
j  sun.reflect.NativeMethodAccessorImpl.invoke(Ljava/lang/Object;[Ljava/lang/Object;)Ljava/lang/Object;+100
J 1183 C1 sun.reflect.DelegatingMethodAccessorImpl.invoke(Ljava/lang/Object;[Ljava/lang/Object;)Ljava/lang/Object; (10 bytes) @ 0x000000010d06674c [0x000000010d066640+0x10c]
J 1182 C1 java.lang.reflect.Method.invoke(Ljava/lang/Object;[Ljava/lang/Object;)Ljava/lang/Object; (62 bytes) @ 0x000000010d060f5c [0x000000010d060b60+0x3fc]
j  net.minecraft.launchwrapper.Launch.launch([Ljava/lang/String;)V+661
j  net.minecraft.launchwrapper.Launch.main([Ljava/lang/String;)V+8
v  ~StubRoutines::call_stub
j  sun.reflect.NativeMethodAccessorImpl.invoke0(Ljava/lang/reflect/Method;Ljava/lang/Object;[Ljava/lang/Object;)Ljava/lang/Object;+0
j  sun.reflect.NativeMethodAccessorImpl.invoke(Ljava/lang/Object;[Ljava/lang/Object;)Ljava/lang/Object;+100
j  sun.reflect.DelegatingMethodAccessorImpl.invoke(Ljava/lang/Object;[Ljava/lang/Object;)Ljava/lang/Object;+6
j  java.lang.reflect.Method.invoke(Ljava/lang/Object;[Ljava/lang/Object;)Ljava/lang/Object;+56
j  net.minecraftforge.gradle.GradleStartCommon.launch([Ljava/lang/String;)V+169
j  GradleStart.main([Ljava/lang/String;)V+11
v  ~StubRoutines::call_stub

---------------  P R O C E S S  ---------------

Java Threads: ( => current thread )
  0x00007fa45f2ac800 JavaThread "AWT-Shutdown" [_thread_blocked, id=54539, stack(0x0000700003eeb000,0x0000700003feb000)]
  0x00007fa459876800 JavaThread "Timer hack thread" daemon [_thread_blocked, id=75563, stack(0x0000700004506000,0x0000700004606000)]
  0x00007fa45e377800 JavaThread "Snooper Timer" daemon [_thread_blocked, id=54027, stack(0x0000700004403000,0x0000700004503000)]
  0x00007fa45f3a5000 JavaThread "Snooper Timer" daemon [_thread_blocked, id=84015, stack(0x0000700004300000,0x0000700004400000)]
  0x00007fa45d413800 JavaThread "AppKit Thread" daemon [_thread_in_native, id=775, stack(0x00007ffee5ca1000,0x00007ffee64a1000)]
  0x00007fa456abb000 JavaThread "Attach Listener" daemon [_thread_blocked, id=22019, stack(0x0000700003de8000,0x0000700003ee8000)]
  0x00007fa457066800 JavaThread "Service Thread" daemon [_thread_blocked, id=14851, stack(0x0000700003be2000,0x0000700003ce2000)]
  0x00007fa457063800 JavaThread "C1 CompilerThread3" daemon [_thread_blocked, id=15363, stack(0x0000700003adf000,0x0000700003bdf000)]
  0x00007fa457063000 JavaThread "C2 CompilerThread2" daemon [_thread_blocked, id=15619, stack(0x00007000039dc000,0x0000700003adc000)]
  0x00007fa45981d000 JavaThread "C2 CompilerThread1" daemon [_thread_in_native, id=15875, stack(0x00007000038d9000,0x00007000039d9000)]
  0x00007fa456039000 JavaThread "C2 CompilerThread0" daemon [_thread_in_native, id=13571, stack(0x00007000037d6000,0x00007000038d6000)]
  0x00007fa456036800 JavaThread "Monitor Ctrl-Break" daemon [_thread_in_native, id=16131, stack(0x00007000036d3000,0x00007000037d3000)]
  0x00007fa457013000 JavaThread "Signal Dispatcher" daemon [_thread_blocked, id=16643, stack(0x00007000035d0000,0x00007000036d0000)]
  0x00007fa45700c800 JavaThread "Finalizer" daemon [_thread_blocked, id=19459, stack(0x00007000033c7000,0x00007000034c7000)]
  0x00007fa45684d800 JavaThread "Reference Handler" daemon [_thread_blocked, id=19971, stack(0x00007000032c4000,0x00007000033c4000)]
=>0x00007fa458009000 JavaThread "Client thread" [_thread_in_native, id=3843, stack(0x00007000028a6000,0x00007000029a6000)]

Other Threads:
  0x00007fa456846800 VMThread [stack: 0x00007000031c1000,0x00007000032c1000] [id=20227]
  0x00007fa45706f800 WatcherThread [stack: 0x0000700003ce5000,0x0000700003de5000] [id=21763]

VM state:not at safepoint (normal execution)

VM Mutex/Monitor currently owned by a thread: None

heap address: 0x00000006c0000000, size: 4096 MB, Compressed Oops mode: Zero based, Oop shift amount: 3
Narrow klass base: 0x0000000000000000, Narrow klass shift: 3
Compressed class space size: 1073741824 Address: 0x00000007c0000000

Heap:
 PSYoungGen      total 464896K, used 100382K [0x000000076ab00000, 0x000000078da80000, 0x00000007c0000000)
  eden space 435200K, 16% used [0x000000076ab00000,0x000000076f00f280,0x0000000785400000)
  from space 29696K, 99% used [0x0000000785400000,0x00000007870f8928,0x0000000787100000)
  to   space 35328K, 0% used [0x000000078b800000,0x000000078b800000,0x000000078da80000)
 ParOldGen       total 137728K, used 52938K [0x00000006c0000000, 0x00000006c8680000, 0x000000076ab00000)
  object space 137728K, 38% used [0x00000006c0000000,0x00000006c33b2bc8,0x00000006c8680000)
 Metaspace       used 25873K, capacity 26146K, committed 26496K, reserved 1073152K
  class space    used 3352K, capacity 3438K, committed 3456K, reserved 1048576K

Card table byte_map: [0x000000010ba21000,0x000000010c222000] byte_map_base: 0x0000000108421000

Marking Bits: (ParMarkBitMap*) 0x000000010af28748
 Begin Bits: [0x000000011bc24000, 0x000000011fc24000)
 End Bits:   [0x000000011fc24000, 0x0000000123c24000)

Polling page: 0x00000001097d3000

CodeCache: size=245760Kb used=11542Kb max_used=11555Kb free=234217Kb
 bounds [0x000000010cc24000, 0x000000010d7d4000, 0x000000011bc24000]
 total_blobs=3436 nmethods=2967 adapters=382
 compilation: enabled

Compilation events (10 events):
Event: 17.178 Thread 0x00007fa457063800 3436       3       java.lang.reflect.Modifier::isFinal (13 bytes)
Event: 17.178 Thread 0x00007fa457063800 nmethod 3436 0x000000010cf54c90 code [0x000000010cf54e00, 0x000000010cf54f90]
Event: 17.179 Thread 0x00007fa457063000 nmethod 3435 0x000000010d014e50 code [0x000000010d014fa0, 0x000000010d015078]
Event: 17.179 Thread 0x00007fa457063800 3437       3       java.lang.reflect.Field::setFieldAccessor (34 bytes)
Event: 17.180 Thread 0x00007fa457063800 nmethod 3437 0x000000010d2de8d0 code [0x000000010d2dea60, 0x000000010d2dede8]
Event: 17.182 Thread 0x00007fa457063000 3438   !   4       java.util.zip.ZipFile$ZipFileInputStream::read (131 bytes)
Event: 17.184 Thread 0x00007fa457063800 3440       3       java.nio.DirectByteBuffer::put (18 bytes)
Event: 17.185 Thread 0x00007fa457063800 nmethod 3440 0x000000010d2de3d0 code [0x000000010d2de540, 0x000000010d2de7b0]
Event: 17.185 Thread 0x00007fa457063000 nmethod 3438 0x000000010d2dc450 code [0x000000010d2dc5c0, 0x000000010d2dcbb8]
Event: 17.185 Thread 0x00007fa457063000 3439   !   4       java.util.concurrent.ConcurrentHashMap::transfer (832 bytes)

GC Heap History (10 events):
Event: 14.305 GC heap before
{Heap before GC invocations=9 (full 1):
 PSYoungGen      total 141824K, used 130797K [0x000000076ab00000, 0x000000077be00000, 0x00000007c0000000)
  eden space 113664K, 100% used [0x000000076ab00000,0x0000000771a00000,0x0000000771a00000)
  from space 28160K, 60% used [0x0000000771a00000,0x0000000772abb4d0,0x0000000773580000)
  to   space 27136K, 0% used [0x000000077a380000,0x000000077a380000,0x000000077be00000)
 ParOldGen       total 175104K, used 42472K [0x00000006c0000000, 0x00000006cab00000, 0x000000076ab00000)
  object space 175104K, 24% used [0x00000006c0000000,0x00000006c297a1a0,0x00000006cab00000)
 Metaspace       used 20127K, capacity 20354K, committed 20608K, reserved 1067008K
  class space    used 2310K, capacity 2382K, committed 2432K, reserved 1048576K
Event: 14.319 GC heap after
Heap after GC invocations=9 (full 1):
 PSYoungGen      total 251392K, used 25904K [0x000000076ab00000, 0x000000077c400000, 0x00000007c0000000)
  eden space 224256K, 0% used [0x000000076ab00000,0x000000076ab00000,0x0000000778600000)
  from space 27136K, 95% used [0x000000077a380000,0x000000077bccc0c0,0x000000077be00000)
  to   space 30208K, 0% used [0x0000000778600000,0x0000000778600000,0x000000077a380000)
 ParOldGen       total 175104K, used 46592K [0x00000006c0000000, 0x00000006cab00000, 0x000000076ab00000)
  object space 175104K, 26% used [0x00000006c0000000,0x00000006c2d801e8,0x00000006cab00000)
 Metaspace       used 20127K, capacity 20354K, committed 20608K, reserved 1067008K
  class space    used 2310K, capacity 2382K, committed 2432K, reserved 1048576K
}
Event: 14.554 GC heap before
{Heap before GC invocations=10 (full 1):
 PSYoungGen      total 251392K, used 92457K [0x000000076ab00000, 0x000000077c400000, 0x00000007c0000000)
  eden space 224256K, 29% used [0x000000076ab00000,0x000000076ebfe6b8,0x0000000778600000)
  from space 27136K, 95% used [0x000000077a380000,0x000000077bccc0c0,0x000000077be00000)
  to   space 30208K, 0% used [0x0000000778600000,0x0000000778600000,0x000000077a380000)
 ParOldGen       total 175104K, used 46592K [0x00000006c0000000, 0x00000006cab00000, 0x000000076ab00000)
  object space 175104K, 26% used [0x00000006c0000000,0x00000006c2d801e8,0x00000006cab00000)
 Metaspace       used 20845K, capacity 21058K, committed 21248K, reserved 1069056K
  class space    used 2429K, capacity 2510K, committed 2560K, reserved 1048576K
Event: 14.567 GC heap after
Heap after GC invocations=10 (full 1):
 PSYoungGen      total 254464K, used 21422K [0x000000076ab00000, 0x0000000789d00000, 0x00000007c0000000)
  eden space 224256K, 0% used [0x000000076ab00000,0x000000076ab00000,0x0000000778600000)
  from space 30208K, 70% used [0x0000000778600000,0x0000000779aeb890,0x000000077a380000)
  to   space 30720K, 0% used [0x0000000787f00000,0x0000000787f00000,0x0000000789d00000)
 ParOldGen       total 175104K, used 51817K [0x00000006c0000000, 0x00000006cab00000, 0x000000076ab00000)
  object space 175104K, 29% used [0x00000006c0000000,0x00000006c329a5d8,0x00000006cab00000)
 Metaspace       used 20845K, capacity 21058K, committed 21248K, reserved 1069056K
  class space    used 2429K, capacity 2510K, committed 2560K, reserved 1048576K
}
Event: 14.567 GC heap before
{Heap before GC invocations=11 (full 2):
 PSYoungGen      total 254464K, used 21422K [0x000000076ab00000, 0x0000000789d00000, 0x00000007c0000000)
  eden space 224256K, 0% used [0x000000076ab00000,0x000000076ab00000,0x0000000778600000)
  from space 30208K, 70% used [0x0000000778600000,0x0000000779aeb890,0x000000077a380000)
  to   space 30720K, 0% used [0x0000000787f00000,0x0000000787f00000,0x0000000789d00000)
 ParOldGen       total 175104K, used 51817K [0x00000006c0000000, 0x00000006cab00000, 0x000000076ab00000)
  object space 175104K, 29% used [0x00000006c0000000,0x00000006c329a5d8,0x00000006cab00000)
 Metaspace       used 20845K, capacity 21058K, committed 21248K, reserved 1069056K
  class space    used 2429K, capacity 2510K, committed 2560K, reserved 1048576K
Event: 14.612 GC heap after
Heap after GC invocations=11 (full 2):
 PSYoungGen      total 254464K, used 0K [0x000000076ab00000, 0x0000000789d00000, 0x00000007c0000000)
  eden space 224256K, 0% used [0x000000076ab00000,0x000000076ab00000,0x0000000778600000)
  from space 30208K, 0% used [0x0000000778600000,0x0000000778600000,0x000000077a380000)
  to   space 30720K, 0% used [0x0000000787f00000,0x0000000787f00000,0x0000000789d00000)
 ParOldGen       total 137728K, used 47341K [0x00000006c0000000, 0x00000006c8680000, 0x000000076ab00000)
  object space 137728K, 34% used [0x00000006c0000000,0x00000006c2e3b428,0x00000006c8680000)
 Metaspace       used 20845K, capacity 21058K, committed 21248K, reserved 1069056K
  class space    used 2429K, capacity 2510K, committed 2560K, reserved 1048576K
}
Event: 15.370 GC heap before
{Heap before GC invocations=12 (full 2):
 PSYoungGen      total 254464K, used 224256K [0x000000076ab00000, 0x0000000789d00000, 0x00000007c0000000)
  eden space 224256K, 100% used [0x000000076ab00000,0x0000000778600000,0x0000000778600000)
  from space 30208K, 0% used [0x0000000778600000,0x0000000778600000,0x000000077a380000)
  to   space 30720K, 0% used [0x0000000787f00000,0x0000000787f00000,0x0000000789d00000)
 ParOldGen       total 137728K, used 47341K [0x00000006c0000000, 0x00000006c8680000, 0x000000076ab00000)
  object space 137728K, 34% used [0x00000006c0000000,0x00000006c2e3b428,0x00000006c8680000)
 Metaspace       used 21693K, capacity 21858K, committed 22144K, reserved 1069056K
  class space    used 2584K, capacity 2670K, committed 2688K, reserved 1048576K
Event: 15.383 GC heap after
Heap after GC invocations=12 (full 2):
 PSYoungGen      total 351232K, used 15252K [0x000000076ab00000, 0x0000000788e00000, 0x00000007c0000000)
  eden space 335872K, 0% used [0x000000076ab00000,0x000000076ab00000,0x000000077f300000)
  from space 15360K, 99% used [0x0000000787f00000,0x0000000788de51f8,0x0000000788e00000)
  to   space 29696K, 0% used [0x0000000785400000,0x0000000785400000,0x0000000787100000)
 ParOldGen       total 137728K, used 47349K [0x00000006c0000000, 0x00000006c8680000, 0x000000076ab00000)
  object space 137728K, 34% used [0x00000006c0000000,0x00000006c2e3d428,0x00000006c8680000)
 Metaspace       used 21693K, capacity 21858K, committed 22144K, reserved 1069056K
  class space    used 2584K, capacity 2670K, committed 2688K, reserved 1048576K
}
Event: 16.732 GC heap before
{Heap before GC invocations=13 (full 2):
 PSYoungGen      total 351232K, used 351124K [0x000000076ab00000, 0x0000000788e00000, 0x00000007c0000000)
  eden space 335872K, 100% used [0x000000076ab00000,0x000000077f300000,0x000000077f300000)
  from space 15360K, 99% used [0x0000000787f00000,0x0000000788de51f8,0x0000000788e00000)
  to   space 29696K, 0% used [0x0000000785400000,0x0000000785400000,0x0000000787100000)
 ParOldGen       total 137728K, used 47349K [0x00000006c0000000, 0x00000006c8680000, 0x000000076ab00000)
  object space 137728K, 34% used [0x00000006c0000000,0x00000006c2e3d428,0x00000006c8680000)
 Metaspace       used 24587K, capacity 24834K, committed 25088K, reserved 1071104K
  class space    used 3194K, capacity 3278K, committed 3328K, reserved 1048576K
Event: 16.763 GC heap after
Heap after GC invocations=13 (full 2):
 PSYoungGen      total 464896K, used 29666K [0x000000076ab00000, 0x000000078da80000, 0x00000007c0000000)
  eden space 435200K, 0% used [0x000000076ab00000,0x000000076ab00000,0x0000000785400000)
  from space 29696K, 99% used [0x0000000785400000,0x00000007870f8928,0x0000000787100000)
  to   space 35328K, 0% used [0x000000078b800000,0x000000078b800000,0x000000078da80000)
 ParOldGen       total 137728K, used 52938K [0x00000006c0000000, 0x00000006c8680000, 0x000000076ab00000)
  object space 137728K, 38% used [0x00000006c0000000,0x00000006c33b2bc8,0x00000006c8680000)
 Metaspace       used 24587K, capacity 24834K, committed 25088K, reserved 1071104K
  class space    used 3194K, capacity 3278K, committed 3328K, reserved 1048576K
}

Deoptimization events (10 events):
Event: 15.907 Thread 0x00007fa458009000 Uncommon trap: reason=class_check action=maybe_recompile pc=0x000000010d27cb90 method=net.minecraftforge.fml.common.asm.transformers.deobf.FMLDeobfuscatingRemapper.map(Ljava/lang/String;)Ljava/lang/String; @ 11
Event: 15.920 Thread 0x00007fa458009000 Uncommon trap: reason=class_check action=maybe_recompile pc=0x000000010d27cb90 method=net.minecraftforge.fml.common.asm.transformers.deobf.FMLDeobfuscatingRemapper.map(Ljava/lang/String;)Ljava/lang/String; @ 11
Event: 15.999 Thread 0x00007fa458009000 Uncommon trap: reason=unstable_if action=reinterpret pc=0x000000010d6a3b94 method=com.google.common.collect.Maps.capacity(I)I @ 2
Event: 16.064 Thread 0x00007fa458009000 Uncommon trap: reason=unstable_if action=reinterpret pc=0x000000010cf14258 method=org.objectweb.asm.MethodWriter.visitFieldInsn(ILjava/lang/String;Ljava/lang/String;Ljava/lang/String;)V @ 140
Event: 16.332 Thread 0x00007fa458009000 Uncommon trap: reason=unstable_if action=reinterpret pc=0x000000010cd8cda4 method=org.objectweb.asm.MethodWriter.visitMethodInsn(ILjava/lang/String;Ljava/lang/String;Ljava/lang/String;Z)V @ 161
Event: 16.359 Thread 0x00007fa458009000 Uncommon trap: reason=unstable_if action=reinterpret pc=0x000000010d02b050 method=org.objectweb.asm.ClassWriter.toByteArray()[B @ 229
Event: 16.487 Thread 0x00007fa458009000 Uncommon trap: reason=unstable_if action=reinterpret pc=0x000000010d2f57f8 method=com.google.common.base.Splitter$SplittingIterator.computeNext()Ljava/lang/String; @ 193
Event: 16.487 Thread 0x00007fa458009000 Uncommon trap: reason=unstable_if action=reinterpret pc=0x000000010d2a848c method=com.google.common.base.Splitter$SplittingIterator.computeNext()Ljava/lang/String; @ 193
Event: 16.911 Thread 0x00007fa458009000 Uncommon trap: reason=unstable_if action=reinterpret pc=0x000000010cfd93b8 method=java.util.HashMap.hash(Ljava/lang/Object;)I @ 1
Event: 17.156 Thread 0x00007fa458009000 Uncommon trap: reason=predicate action=maybe_recompile pc=0x000000010d108228 method=java.lang.String.regionMatches(ZILjava/lang/String;II)Z @ 63

Classes redefined (0 events):
No events

Internal exceptions (10 events):
Event: 17.049 Thread 0x00007fa458009000 NullPointerException at vtable entry 0x000000010d066b30
Event: 17.049 Thread 0x00007fa458009000 Exception <a 'java/lang/NullPointerException'> (0x000000076dc24108) thrown at [/jenkins/workspace/8-2-build-macosx-x86_64/jdk8u261/295/hotspot/src/share/vm/runtime/sharedRuntime.cpp, line 605]
Event: 17.051 Thread 0x00007fa458009000 NullPointerException at vtable entry 0x000000010d066b30
Event: 17.051 Thread 0x00007fa458009000 Exception <a 'java/lang/NullPointerException'> (0x000000076dc7ecd0) thrown at [/jenkins/workspace/8-2-build-macosx-x86_64/jdk8u261/295/hotspot/src/share/vm/runtime/sharedRuntime.cpp, line 605]
Event: 17.055 Thread 0x00007fa458009000 NullPointerException at vtable entry 0x000000010d066b30
Event: 17.055 Thread 0x00007fa458009000 Exception <a 'java/lang/NullPointerException'> (0x000000076dce8ee8) thrown at [/jenkins/workspace/8-2-build-macosx-x86_64/jdk8u261/295/hotspot/src/share/vm/runtime/sharedRuntime.cpp, line 605]
Event: 17.071 Thread 0x00007fa458009000 NullPointerException at vtable entry 0x000000010d066b30
Event: 17.071 Thread 0x00007fa458009000 Exception <a 'java/lang/NullPointerException'> (0x000000076dec5b58) thrown at [/jenkins/workspace/8-2-build-macosx-x86_64/jdk8u261/295/hotspot/src/share/vm/runtime/sharedRuntime.cpp, line 605]
Event: 17.074 Thread 0x00007fa458009000 NullPointerException at vtable entry 0x000000010d066b30
Event: 17.074 Thread 0x00007fa458009000 Exception <a 'java/lang/NullPointerException'> (0x000000076df5e3f0) thrown at [/jenkins/workspace/8-2-build-macosx-x86_64/jdk8u261/295/hotspot/src/share/vm/runtime/sharedRuntime.cpp, line 605]

Events (10 events):
Event: 17.184 loading class org/lwjgl/opengl/ContextGL
Event: 17.184 loading class org/lwjgl/opengl/ContextGL done
Event: 17.186 loading class org/lwjgl/opengl/ContextImplementation
Event: 17.186 loading class org/lwjgl/opengl/ContextImplementation done
Event: 17.187 loading class org/lwjgl/opengl/MacOSXContextImplementation
Event: 17.187 loading class org/lwjgl/opengl/MacOSXContextImplementation done
Event: 17.188 loading class org/lwjgl/opengl/GLContext
Event: 17.188 loading class org/lwjgl/opengl/GLContext done
Event: 17.189 loading class org/lwjgl/opengl/GLContext$CapabilitiesCacheEntry
Event: 17.189 loading class org/lwjgl/opengl/GLContext$CapabilitiesCacheEntry done


Dynamic libraries:
0x00007fff2ddcd000 	/System/Library/Frameworks/Cocoa.framework/Versions/A/Cocoa
0x00007fff3b5c4000 	/System/Library/Frameworks/Security.framework/Versions/A/Security
0x00007fff2cd32000 	/System/Library/Frameworks/ApplicationServices.framework/Versions/A/ApplicationServices
0x00007fff680e3000 	/usr/lib/libz.1.dylib
0x00007fff65ba9000 	/usr/lib/libSystem.B.dylib
0x00007fff2ec6f000 	/System/Library/Frameworks/CoreFoundation.framework/Versions/A/CoreFoundation
0x00007fff3132c000 	/System/Library/Frameworks/Foundation.framework/Versions/C/Foundation
0x00007fff67a07000 	/usr/lib/libobjc.A.dylib
0x00007fff2bf22000 	/System/Library/Frameworks/AppKit.framework/Versions/C/AppKit
0x00007fff2e751000 	/System/Library/Frameworks/CoreData.framework/Versions/A/CoreData
0x00007fff5fbbd000 	/System/Library/PrivateFrameworks/UIFoundation.framework/Versions/A/UIFoundation
0x00007fff5ac51000 	/System/Library/PrivateFrameworks/RemoteViewServices.framework/Versions/A/RemoteViewServices
0x00007fff62719000 	/System/Library/PrivateFrameworks/XCTTargetBootstrap.framework/Versions/A/XCTTargetBootstrap
0x00007fff2eb3c000 	/System/Library/Frameworks/CoreDisplay.framework/Versions/A/CoreDisplay
0x00007fff341e6000 	/System/Library/Frameworks/Metal.framework/Versions/A/Metal
0x00007fff48c59000 	/System/Library/PrivateFrameworks/DesktopServicesPriv.framework/Versions/A/DesktopServicesPriv
0x00007fff66ce2000 	/usr/lib/liblangid.dylib
0x00007fff47eee000 	/System/Library/PrivateFrameworks/CoreSVG.framework/Versions/A/CoreSVG
0x00007fff5ddad000 	/System/Library/PrivateFrameworks/SkyLight.framework/Versions/A/SkyLight
0x00007fff2f0f0000 	/System/Library/Frameworks/CoreGraphics.framework/Versions/A/CoreGraphics
0x00007fff2a8f6000 	/System/Library/Frameworks/Accelerate.framework/Versions/A/Accelerate
0x00007fff67fd4000 	/usr/lib/libxml2.2.dylib
0x00007fff53be6000 	/System/Library/PrivateFrameworks/IconServices.framework/Versions/A/IconServices
0x00007fff31b0b000 	/System/Library/Frameworks/IOSurface.framework/Versions/A/IOSurface
0x00007fff656d3000 	/usr/lib/libDiagnosticMessagesClient.dylib
0x00007fff48ab3000 	/System/Library/PrivateFrameworks/DFRFoundation.framework/Versions/A/DFRFoundation
0x00007fff66a73000 	/usr/lib/libicucore.A.dylib
0x00007fff2d064000 	/System/Library/Frameworks/AudioToolbox.framework/Versions/A/AudioToolbox
0x00007fff2d147000 	/System/Library/Frameworks/AudioUnit.framework/Versions/A/AudioUnit
0x00007fff65dab000 	/usr/lib/libauto.dylib
0x00007fff48b55000 	/System/Library/PrivateFrameworks/DataDetectorsCore.framework/Versions/A/DataDetectorsCore
0x00007fff2d8ee000 	/System/Library/Frameworks/Carbon.framework/Versions/A/Frameworks/HIToolbox.framework/Versions/A/HIToolbox
0x00007fff3a7be000 	/System/Library/Frameworks/QuartzCore.framework/Versions/A/QuartzCore
0x00007fff2dc2d000 	/System/Library/Frameworks/Carbon.framework/Versions/A/Frameworks/SpeechRecognition.framework/Versions/A/SpeechRecognition
0x00007fff485c7000 	/System/Library/PrivateFrameworks/CoreUI.framework/Versions/A/CoreUI
0x00007fff2e1bc000 	/System/Library/Frameworks/CoreAudio.framework/Versions/A/CoreAudio
0x00007fff30feb000 	/System/Library/Frameworks/DiskArbitration.framework/Versions/A/DiskArbitration
0x00007fff55c36000 	/System/Library/PrivateFrameworks/MultitouchSupport.framework/Versions/A/MultitouchSupport
0x00007fff6693a000 	/usr/lib/libenergytrace.dylib
0x00007fff31a65000 	/System/Library/Frameworks/IOKit.framework/Versions/A/IOKit
0x00007fff30057000 	/System/Library/Frameworks/CoreServices.framework/Versions/A/CoreServices
0x00007fff57de4000 	/System/Library/PrivateFrameworks/PerformanceAnalysis.framework/Versions/A/PerformanceAnalysis
0x00007fff397f1000 	/System/Library/Frameworks/OpenGL.framework/Versions/A/OpenGL
0x00007fff2dddb000 	/System/Library/Frameworks/ColorSync.framework/Versions/A/ColorSync
0x00007fff2f773000 	/System/Library/Frameworks/CoreImage.framework/Versions/A/CoreImage
0x00007fff30aca000 	/System/Library/Frameworks/CoreText.framework/Versions/A/CoreText
0x00007fff31b9b000 	/System/Library/Frameworks/ImageIO.framework/Versions/A/ImageIO
0x00007fff65e8f000 	/usr/lib/libc++.1.dylib
0x00007fff65f0b000 	/usr/lib/libcompression.dylib
0x00007fff65a17000 	/usr/lib/libMobileGestalt.dylib
0x00007fff5f927000 	/System/Library/PrivateFrameworks/TextureIO.framework/Versions/A/TextureIO
0x00007fff65d0e000 	/usr/lib/libate.dylib
0x00007fff53def000 	/System/Library/PrivateFrameworks/InternationalSupport.framework/Versions/A/InternationalSupport
0x00007fff689a4000 	/usr/lib/system/libcache.dylib
0x00007fff689aa000 	/usr/lib/system/libcommonCrypto.dylib
0x00007fff689b6000 	/usr/lib/system/libcompiler_rt.dylib
0x00007fff689be000 	/usr/lib/system/libcopyfile.dylib
0x00007fff689c8000 	/usr/lib/system/libcorecrypto.dylib
0x00007fff68b67000 	/usr/lib/system/libdispatch.dylib
0x00007fff68ba8000 	/usr/lib/system/libdyld.dylib
0x00007fff68bdf000 	/usr/lib/system/libkeymgr.dylib
0x00007fff68bed000 	/usr/lib/system/liblaunch.dylib
0x00007fff68bee000 	/usr/lib/system/libmacho.dylib
0x00007fff68bf4000 	/usr/lib/system/libquarantine.dylib
0x00007fff68bf7000 	/usr/lib/system/libremovefile.dylib
0x00007fff68bf9000 	/usr/lib/system/libsystem_asl.dylib
0x00007fff68c11000 	/usr/lib/system/libsystem_blocks.dylib
0x00007fff68c12000 	/usr/lib/system/libsystem_c.dylib
0x00007fff68c9a000 	/usr/lib/system/libsystem_configuration.dylib
0x00007fff68c9e000 	/usr/lib/system/libsystem_coreservices.dylib
0x00007fff68ca2000 	/usr/lib/system/libsystem_darwin.dylib
0x00007fff68cab000 	/usr/lib/system/libsystem_dnssd.dylib
0x00007fff68cb3000 	/usr/lib/system/libsystem_featureflags.dylib
0x00007fff68cb5000 	/usr/lib/system/libsystem_info.dylib
0x00007fff68d30000 	/usr/lib/system/libsystem_m.dylib
0x00007fff68d78000 	/usr/lib/system/libsystem_malloc.dylib
0x00007fff68da0000 	/usr/lib/system/libsystem_networkextension.dylib
0x00007fff68dae000 	/usr/lib/system/libsystem_notify.dylib
0x00007fff68dcc000 	/usr/lib/system/libsystem_sandbox.dylib
0x00007fff68dd1000 	/usr/lib/system/libsystem_secinit.dylib
0x00007fff68d03000 	/usr/lib/system/libsystem_kernel.dylib
0x00007fff68db8000 	/usr/lib/system/libsystem_platform.dylib
0x00007fff68dc1000 	/usr/lib/system/libsystem_pthread.dylib
0x00007fff68dd4000 	/usr/lib/system/libsystem_symptoms.dylib
0x00007fff68ddc000 	/usr/lib/system/libsystem_trace.dylib
0x00007fff68df4000 	/usr/lib/system/libunwind.dylib
0x00007fff68dfa000 	/usr/lib/system/libxpc.dylib
0x00007fff65ee2000 	/usr/lib/libc++abi.dylib
0x00007fff66ce4000 	/usr/lib/liblzma.5.dylib
0x00007fff66961000 	/usr/lib/libfakelink.dylib
0x00007fff65c9b000 	/usr/lib/libarchive.2.dylib
0x00007fff3c675000 	/System/Library/Frameworks/SystemConfiguration.framework/Versions/A/SystemConfiguration
0x00007fff65606000 	/usr/lib/libCRFSuite.dylib
0x00007fff2d4de000 	/System/Library/Frameworks/CFNetwork.framework/Versions/A/CFNetwork
0x00007fff65e71000 	/usr/lib/libbsm.0.dylib
0x00007fff68be0000 	/usr/lib/system/libkxld.dylib
0x00007fff4242f000 	/System/Library/PrivateFrameworks/AppleFSCompression.framework/Versions/A/AppleFSCompression
0x00007fff661fc000 	/usr/lib/libcoretls.dylib
0x00007fff66213000 	/usr/lib/libcoretls_cfhelpers.dylib
0x00007fff67a4d000 	/usr/lib/libpam.2.dylib
0x00007fff67b82000 	/usr/lib/libsqlite3.dylib
0x00007fff67fc1000 	/usr/lib/libxar.1.dylib
0x00007fff65e82000 	/usr/lib/libbz2.1.0.dylib
0x00007fff66982000 	/usr/lib/libiconv.2.dylib
0x00007fff65ef8000 	/usr/lib/libcharset.1.dylib
0x00007fff674ea000 	/usr/lib/libnetwork.dylib
0x00007fff67a54000 	/usr/lib/libpcap.A.dylib
0x00007fff65c50000 	/usr/lib/libapple_nghttp2.dylib
0x00007fff3040e000 	/System/Library/Frameworks/CoreServices.framework/Versions/A/Frameworks/FSEvents.framework/Versions/A/FSEvents
0x00007fff300de000 	/System/Library/Frameworks/CoreServices.framework/Versions/A/Frameworks/CarbonCore.framework/Versions/A/CarbonCore
0x00007fff30652000 	/System/Library/Frameworks/CoreServices.framework/Versions/A/Frameworks/Metadata.framework/Versions/A/Metadata
0x00007fff306eb000 	/System/Library/Frameworks/CoreServices.framework/Versions/A/Frameworks/OSServices.framework/Versions/A/OSServices
0x00007fff30719000 	/System/Library/Frameworks/CoreServices.framework/Versions/A/Frameworks/SearchKit.framework/Versions/A/SearchKit
0x00007fff30058000 	/System/Library/Frameworks/CoreServices.framework/Versions/A/Frameworks/AE.framework/Versions/A/AE
0x00007fff30417000 	/System/Library/Frameworks/CoreServices.framework/Versions/A/Frameworks/LaunchServices.framework/Versions/A/LaunchServices
0x00007fff303c0000 	/System/Library/Frameworks/CoreServices.framework/Versions/A/Frameworks/DictionaryServices.framework/Versions/A/DictionaryServices
0x00007fff30781000 	/System/Library/Frameworks/CoreServices.framework/Versions/A/Frameworks/SharedFileList.framework/Versions/A/SharedFileList
0x00007fff35610000 	/System/Library/Frameworks/NetFS.framework/Versions/A/NetFS
0x00007fff56166000 	/System/Library/PrivateFrameworks/NetAuth.framework/Versions/A/NetAuth
0x00007fff62ae6000 	/System/Library/PrivateFrameworks/login.framework/Versions/A/Frameworks/loginsupport.framework/Versions/A/loginsupport
0x00007fff5f3f2000 	/System/Library/PrivateFrameworks/TCC.framework/Versions/A/TCC
0x00007fff47061000 	/System/Library/PrivateFrameworks/CoreNLP.framework/Versions/A/CoreNLP
0x00007fff55663000 	/System/Library/PrivateFrameworks/MetadataUtilities.framework/Versions/A/MetadataUtilities
0x00007fff66dbc000 	/usr/lib/libmecabra.dylib
0x00007fff66d14000 	/usr/lib/libmecab.dylib
0x00007fff66972000 	/usr/lib/libgermantok.dylib
0x00007fff65c37000 	/usr/lib/libThaiTokenizer.dylib
0x00007fff6563d000 	/usr/lib/libChineseTokenizer.dylib
0x00007fff2a90e000 	/System/Library/Frameworks/Accelerate.framework/Versions/A/Frameworks/vImage.framework/Versions/A/vImage
0x00007fff2bd78000 	/System/Library/Frameworks/Accelerate.framework/Versions/A/Frameworks/vecLib.framework/Versions/A/vecLib
0x00007fff2bcb5000 	/System/Library/Frameworks/Accelerate.framework/Versions/A/Frameworks/vecLib.framework/Versions/A/libvMisc.dylib
0x00007fff2badd000 	/System/Library/Frameworks/Accelerate.framework/Versions/A/Frameworks/vecLib.framework/Versions/A/libvDSP.dylib
0x00007fff2af65000 	/System/Library/Frameworks/Accelerate.framework/Versions/A/Frameworks/vecLib.framework/Versions/A/libBLAS.dylib
0x00007fff2b6a1000 	/System/Library/Frameworks/Accelerate.framework/Versions/A/Frameworks/vecLib.framework/Versions/A/libLAPACK.dylib
0x00007fff2ba3d000 	/System/Library/Frameworks/Accelerate.framework/Versions/A/Frameworks/vecLib.framework/Versions/A/libLinearAlgebra.dylib
0x00007fff2baca000 	/System/Library/Frameworks/Accelerate.framework/Versions/A/Frameworks/vecLib.framework/Versions/A/libSparseBLAS.dylib
0x00007fff2ba53000 	/System/Library/Frameworks/Accelerate.framework/Versions/A/Frameworks/vecLib.framework/Versions/A/libQuadrature.dylib
0x00007fff2b1cd000 	/System/Library/Frameworks/Accelerate.framework/Versions/A/Frameworks/vecLib.framework/Versions/A/libBNNS.dylib
0x00007fff2ba59000 	/System/Library/Frameworks/Accelerate.framework/Versions/A/Frameworks/vecLib.framework/Versions/A/libSparse.dylib
0x00007fff541d7000 	/System/Library/PrivateFrameworks/LanguageModeling.framework/Versions/A/LanguageModeling
0x00007fff46a11000 	/System/Library/PrivateFrameworks/CoreEmoji.framework/Versions/A/CoreEmoji
0x00007fff542f5000 	/System/Library/PrivateFrameworks/LinguisticData.framework/Versions/A/LinguisticData
0x00007fff542a6000 	/System/Library/PrivateFrameworks/Lexicon.framework/Versions/A/Lexicon
0x00007fff65ef9000 	/usr/lib/libcmph.dylib
0x00007fff381ff000 	/System/Library/Frameworks/OpenDirectory.framework/Versions/A/Frameworks/CFOpenDirectory.framework/Versions/A/CFOpenDirectory
0x00007fff3821c000 	/System/Library/Frameworks/OpenDirectory.framework/Versions/A/OpenDirectory
0x00007fff4065f000 	/System/Library/PrivateFrameworks/APFS.framework/Versions/A/APFS
0x00007fff3b90e000 	/System/Library/Frameworks/SecurityFoundation.framework/Versions/A/SecurityFoundation
0x00007fff67fbd000 	/usr/lib/libutil.dylib
0x00007fff47f46000 	/System/Library/PrivateFrameworks/CoreServicesStore.framework/Versions/A/CoreServicesStore
0x00007fff3b9c5000 	/System/Library/Frameworks/ServiceManagement.framework/Versions/A/ServiceManagement
0x00007fff43bff000 	/System/Library/PrivateFrameworks/BackgroundTaskManagement.framework/Versions/A/BackgroundTaskManagement
0x00007fff680ba000 	/usr/lib/libxslt.1.dylib
0x00007fff42aa2000 	/System/Library/PrivateFrameworks/AppleSystemInfo.framework/Versions/A/AppleSystemInfo
0x00007fff31db7000 	/System/Library/Frameworks/ImageIO.framework/Versions/A/Resources/libJPEG.dylib
0x00007fff32074000 	/System/Library/Frameworks/ImageIO.framework/Versions/A/Resources/libTIFF.dylib
0x00007fff32057000 	/System/Library/Frameworks/ImageIO.framework/Versions/A/Resources/libPng.dylib
0x00007fff31cf9000 	/System/Library/Frameworks/ImageIO.framework/Versions/A/Resources/libGIF.dylib
0x00007fff31cfd000 	/System/Library/Frameworks/ImageIO.framework/Versions/A/Resources/libJP2.dylib
0x00007fff32072000 	/System/Library/Frameworks/ImageIO.framework/Versions/A/Resources/libRadiance.dylib
0x00007fff6693b000 	/usr/lib/libexpat.1.dylib
0x00007fff4258a000 	/System/Library/PrivateFrameworks/AppleJPEG.framework/Versions/A/AppleJPEG
0x00007fff4b246000 	/System/Library/PrivateFrameworks/FontServices.framework/libFontParser.dylib
0x00007fff61ae8000 	/System/Library/PrivateFrameworks/WatchdogClient.framework/Versions/A/WatchdogClient
0x00007fff53832000 	/System/Library/PrivateFrameworks/IOAccelerator.framework/Versions/A/IOAccelerator
0x00007fff34581000 	/System/Library/Frameworks/MetalPerformanceShaders.framework/Versions/A/MetalPerformanceShaders
0x00007fff4ffc2000 	/System/Library/PrivateFrameworks/GPUWrangler.framework/Versions/A/GPUWrangler
0x00007fff53847000 	/System/Library/PrivateFrameworks/IOPresentment.framework/Versions/A/IOPresentment
0x00007fff48ac6000 	/System/Library/PrivateFrameworks/DSExternalDisplay.framework/Versions/A/DSExternalDisplay
0x00007fff38b90000 	/System/Library/Frameworks/OpenGL.framework/Versions/A/Libraries/libCoreFSCache.dylib
0x00007fff342cd000 	/System/Library/Frameworks/MetalPerformanceShaders.framework/Frameworks/MPSCore.framework/Versions/A/MPSCore
0x00007fff3430b000 	/System/Library/Frameworks/MetalPerformanceShaders.framework/Frameworks/MPSImage.framework/Versions/A/MPSImage
0x00007fff343d2000 	/System/Library/Frameworks/MetalPerformanceShaders.framework/Frameworks/MPSNeuralNetwork.framework/Versions/A/MPSNeuralNetwork
0x00007fff34396000 	/System/Library/Frameworks/MetalPerformanceShaders.framework/Frameworks/MPSMatrix.framework/Versions/A/MPSMatrix
0x00007fff34531000 	/System/Library/Frameworks/MetalPerformanceShaders.framework/Frameworks/MPSRayIntersector.framework/Versions/A/MPSRayIntersector
0x00007fff343bc000 	/System/Library/Frameworks/MetalPerformanceShaders.framework/Frameworks/MPSNDArray.framework/Versions/A/MPSNDArray
0x00007fff556b0000 	/System/Library/PrivateFrameworks/MetalTools.framework/Versions/A/MetalTools
0x00007fff41839000 	/System/Library/PrivateFrameworks/AggregateDictionary.framework/Versions/A/AggregateDictionary
0x00007fff46459000 	/System/Library/PrivateFrameworks/CoreAnalytics.framework/Versions/A/CoreAnalytics
0x00007fff429c1000 	/System/Library/PrivateFrameworks/AppleSauce.framework/Versions/A/AppleSauce
0x00007fff658f9000 	/usr/lib/libIOReport.dylib
0x00007fff30c82000 	/System/Library/Frameworks/CoreVideo.framework/Versions/A/CoreVideo
0x00007fff5143b000 	/System/Library/PrivateFrameworks/GraphVisualizer.framework/Versions/A/GraphVisualizer
0x00007fff4a78c000 	/System/Library/PrivateFrameworks/FaceCore.framework/Versions/A/FaceCore
0x00007fff381a6000 	/System/Library/Frameworks/OpenCL.framework/Versions/A/OpenCL
0x00007fff6571b000 	/usr/lib/libFosl_dynamic.dylib
0x00007fff56b7c000 	/System/Library/PrivateFrameworks/OTSVG.framework/Versions/A/OTSVG
0x00007fff2ce37000 	/System/Library/Frameworks/ApplicationServices.framework/Versions/A/Frameworks/ATS.framework/Versions/A/Resources/libFontRegistry.dylib
0x00007fff4b416000 	/System/Library/PrivateFrameworks/FontServices.framework/libhvf.dylib
0x00007fff38b9b000 	/System/Library/Frameworks/OpenGL.framework/Versions/A/Libraries/libGFXShared.dylib
0x00007fff38d79000 	/System/Library/Frameworks/OpenGL.framework/Versions/A/Libraries/libGLU.dylib
0x00007fff38ba4000 	/System/Library/Frameworks/OpenGL.framework/Versions/A/Libraries/libGL.dylib
0x00007fff38baf000 	/System/Library/Frameworks/OpenGL.framework/Versions/A/Libraries/libGLImage.dylib
0x00007fff38b8d000 	/System/Library/Frameworks/OpenGL.framework/Versions/A/Libraries/libCVMSPluginSupport.dylib
0x00007fff38b96000 	/System/Library/Frameworks/OpenGL.framework/Versions/A/Libraries/libCoreVMClient.dylib
0x00007fff6738b000 	/usr/lib/libncurses.5.4.dylib
0x00007fff2cd33000 	/System/Library/Frameworks/ApplicationServices.framework/Versions/A/Frameworks/ATS.framework/Versions/A/ATS
0x00007fff2cf00000 	/System/Library/Frameworks/ApplicationServices.framework/Versions/A/Frameworks/ColorSyncLegacy.framework/Versions/A/ColorSyncLegacy
0x00007fff2cf9e000 	/System/Library/Frameworks/ApplicationServices.framework/Versions/A/Frameworks/HIServices.framework/Versions/A/HIServices
0x00007fff2cff6000 	/System/Library/Frameworks/ApplicationServices.framework/Versions/A/Frameworks/LangAnalysis.framework/Versions/A/LangAnalysis
0x00007fff2d005000 	/System/Library/Frameworks/ApplicationServices.framework/Versions/A/Frameworks/PrintCore.framework/Versions/A/PrintCore
0x00007fff2d04b000 	/System/Library/Frameworks/ApplicationServices.framework/Versions/A/Frameworks/QD.framework/Versions/A/QD
0x00007fff2d056000 	/System/Library/Frameworks/ApplicationServices.framework/Versions/A/Frameworks/SpeechSynthesis.framework/Versions/A/SpeechSynthesis
0x00007fff2ced0000 	/System/Library/Frameworks/ApplicationServices.framework/Versions/A/Frameworks/ATSUI.framework/Versions/A/ATSUI
0x00007fff667d1000 	/usr/lib/libcups.2.dylib
0x00007fff3361c000 	/System/Library/Frameworks/Kerberos.framework/Versions/A/Kerberos
0x00007fff3175e000 	/System/Library/Frameworks/GSS.framework/Versions/A/GSS
0x00007fff67b0e000 	/usr/lib/libresolv.9.dylib
0x00007fff515e8000 	/System/Library/PrivateFrameworks/Heimdal.framework/Versions/A/Heimdal
0x00007fff3362f000 	/System/Library/Frameworks/Kerberos.framework/Versions/A/Libraries/libHeimdalProxy.dylib
0x00007fff66978000 	/usr/lib/libheimdal-asn1.dylib
0x00007fff458f1000 	/System/Library/PrivateFrameworks/CommonAuth.framework/Versions/A/CommonAuth
0x00007fff42b3f000 	/System/Library/PrivateFrameworks/AssertionServices.framework/Versions/A/AssertionServices
0x00007fff436e2000 	/System/Library/PrivateFrameworks/AudioToolboxCore.framework/Versions/A/AudioToolboxCore
0x00007fff62796000 	/System/Library/PrivateFrameworks/caulk.framework/Versions/A/caulk
0x00007fff43cab000 	/System/Library/PrivateFrameworks/BaseBoard.framework/Versions/A/BaseBoard
0x00007fff5addf000 	/System/Library/PrivateFrameworks/RunningBoardServices.framework/Versions/A/RunningBoardServices
0x00007fff57df0000 	/System/Library/PrivateFrameworks/PersistentConnection.framework/Versions/A/PersistentConnection
0x00007fff5a7d8000 	/System/Library/PrivateFrameworks/ProtocolBuffer.framework/Versions/A/ProtocolBuffer
0x00007fff45915000 	/System/Library/PrivateFrameworks/CommonUtilities.framework/Versions/A/CommonUtilities
0x00007fff43e39000 	/System/Library/PrivateFrameworks/Bom.framework/Versions/A/Bom
0x00007fff655cc000 	/usr/lib/libAudioToolboxUtility.dylib
0x00007fff43c09000 	/System/Library/PrivateFrameworks/Backup.framework/Versions/A/Backup
0x00007fff489e7000 	/System/Library/PrivateFrameworks/CrashReporterSupport.framework/Versions/A/CrashReporterSupport
0x00007fff5c871000 	/System/Library/PrivateFrameworks/Sharing.framework/Versions/A/Sharing
0x00007fff4214d000 	/System/Library/PrivateFrameworks/Apple80211.framework/Versions/A/Apple80211
0x00007fff43926000 	/System/Library/PrivateFrameworks/AuthKit.framework/Versions/A/AuthKit
0x00007fff486f4000 	/System/Library/PrivateFrameworks/CoreUtils.framework/Versions/A/CoreUtils
0x00007fff30cc7000 	/System/Library/Frameworks/CoreWLAN.framework/Versions/A/CoreWLAN
0x00007fff318eb000 	/System/Library/Frameworks/IOBluetooth.framework/Versions/A/IOBluetooth
0x00007fff559b5000 	/System/Library/PrivateFrameworks/MobileKeyBag.framework/Versions/A/MobileKeyBag
0x00007fff474f9000 	/System/Library/PrivateFrameworks/CorePhoneNumbers.framework/Versions/A/CorePhoneNumbers
0x00007fff4253d000 	/System/Library/PrivateFrameworks/AppleIDAuthSupport.framework/Versions/A/AppleIDAuthSupport
0x00007fff3561d000 	/System/Library/Frameworks/Network.framework/Versions/A/Network
0x00007fff54083000 	/System/Library/PrivateFrameworks/KeychainCircle.framework/Versions/A/KeychainCircle
0x00007fff2e718000 	/System/Library/Frameworks/CoreBluetooth.framework/Versions/A/CoreBluetooth
0x00007fff5e8f0000 	/System/Library/PrivateFrameworks/SpeechRecognitionCore.framework/Versions/A/SpeechRecognitionCore
0x000000010a800000 	/Library/Java/JavaVirtualMachines/jdk1.8.0_261.jdk/Contents/Home/jre/lib/server/libjvm.dylib
0x000000010978f000 	/Library/Java/JavaVirtualMachines/jdk1.8.0_261.jdk/Contents/Home/jre/lib/libverify.dylib
0x00000001097a0000 	/Library/Java/JavaVirtualMachines/jdk1.8.0_261.jdk/Contents/Home/jre/lib/libjava.dylib
0x00000001097d4000 	/Library/Java/JavaVirtualMachines/jdk1.8.0_261.jdk/Contents/Home/jre/lib/libinstrument.dylib
0x000000010b654000 	/Library/Java/JavaVirtualMachines/jdk1.8.0_261.jdk/Contents/Home/jre/lib/libzip.dylib
0x0000000126b02000 	/Library/Java/JavaVirtualMachines/jdk1.8.0_261.jdk/Contents/Home/jre/lib/libnet.dylib
0x0000000126b1c000 	/Library/Java/JavaVirtualMachines/jdk1.8.0_261.jdk/Contents/Home/jre/lib/libmanagement.dylib
0x0000000126b2d000 	/Library/Java/JavaVirtualMachines/jdk1.8.0_261.jdk/Contents/Home/jre/lib/libnio.dylib
0x0000000127579000 	/Library/Java/JavaVirtualMachines/jdk1.8.0_261.jdk/Contents/Home/jre/lib/libawt.dylib
0x0000000127619000 	/Library/Java/JavaVirtualMachines/jdk1.8.0_261.jdk/Contents/Home/jre/lib/libmlib_image.dylib
0x00007fff33606000 	/System/Library/Frameworks/JavaVM.framework/Versions/A/Frameworks/JavaNativeFoundation.framework/Versions/A/JavaNativeFoundation
0x00007fff3360f000 	/System/Library/Frameworks/JavaVM.framework/Versions/A/Frameworks/JavaRuntimeSupport.framework/Versions/A/JavaRuntimeSupport
0x00007fff33617000 	/System/Library/Frameworks/JavaVM.framework/Versions/A/JavaVM
0x00007fff53e9a000 	/System/Library/PrivateFrameworks/JavaLaunching.framework/Versions/A/JavaLaunching
0x00007fff2d8e9000 	/System/Library/Frameworks/Carbon.framework/Versions/A/Carbon
0x00007fff48499000 	/System/Library/PrivateFrameworks/CoreSymbolication.framework/Versions/A/CoreSymbolication
0x00007fff2d8ea000 	/System/Library/Frameworks/Carbon.framework/Versions/A/Frameworks/CommonPanels.framework/Versions/A/CommonPanels
0x00007fff2dbe3000 	/System/Library/Frameworks/Carbon.framework/Versions/A/Frameworks/Help.framework/Versions/A/Help
0x00007fff2dbe7000 	/System/Library/Frameworks/Carbon.framework/Versions/A/Frameworks/ImageCapture.framework/Versions/A/ImageCapture
0x00007fff2dbee000 	/System/Library/Frameworks/Carbon.framework/Versions/A/Frameworks/OpenScripting.framework/Versions/A/OpenScripting
0x00007fff2dbed000 	/System/Library/Frameworks/Carbon.framework/Versions/A/Frameworks/Ink.framework/Versions/A/Ink
0x00007fff2dc29000 	/System/Library/Frameworks/Carbon.framework/Versions/A/Frameworks/Print.framework/Versions/A/Print
0x00007fff2dc2a000 	/System/Library/Frameworks/Carbon.framework/Versions/A/Frameworks/SecurityHI.framework/Versions/A/SecurityHI
0x00007fff48c1b000 	/System/Library/PrivateFrameworks/DebugSymbols.framework/Versions/A/DebugSymbols
0x00000001276d8000 	/Library/Java/JavaVirtualMachines/jdk1.8.0_261.jdk/Contents/Home/jre/lib/libawt_lwawt.dylib
0x0000000127787000 	/Library/Java/JavaVirtualMachines/jdk1.8.0_261.jdk/Contents/Home/jre/lib/libosxapp.dylib
0x00007fff311c7000 	/System/Library/Frameworks/ExceptionHandling.framework/Versions/A/ExceptionHandling
0x00007fff47f12000 	/System/Library/PrivateFrameworks/CoreServicesInternal.framework/Versions/A/CoreServicesInternal
0x00007fff311e6000 	/System/Library/Frameworks/FileProvider.framework/Versions/A/FileProvider
0x00007fff2bd79000 	/System/Library/Frameworks/Accounts.framework/Versions/A/Accounts
0x00007fff502e7000 	/System/Library/PrivateFrameworks/GenerationalStorage.framework/Versions/A/GenerationalStorage
0x00007fff5f132000 	/System/Library/PrivateFrameworks/SymptomDiagnosticReporter.framework/Versions/A/SymptomDiagnosticReporter
0x00007fff41c51000 	/System/Library/PrivateFrameworks/AppContainer.framework/Versions/A/AppContainer
0x00007fff67b28000 	/usr/lib/libsandbox.1.dylib
0x00007fff60a8b000 	/System/Library/PrivateFrameworks/UserManagement.framework/Versions/A/UserManagement
0x00007fff449f5000 	/System/Library/PrivateFrameworks/ChunkingLibrary.framework/Versions/A/ChunkingLibrary
0x00007fff41cc3000 	/System/Library/PrivateFrameworks/AppSandbox.framework/Versions/A/AppSandbox
0x00007fff5c6fb000 	/System/Library/PrivateFrameworks/SecCodeWrapper.framework/Versions/A/SecCodeWrapper
0x00007fff659e1000 	/usr/lib/libMatch.1.dylib
0x00007fff21d61000 	/System/Library/CoreServices/RawCamera.bundle/Contents/MacOS/RawCamera
0x00007fff557df000 	/System/Library/PrivateFrameworks/MobileAsset.framework/Versions/A/MobileAsset
0x00007fff5efda000 	/System/Library/PrivateFrameworks/StreamingZip.framework/Versions/A/StreamingZip
0x00007fff33a97000 	/System/Library/Frameworks/MediaToolbox.framework/Versions/A/MediaToolbox
0x00007fff46409000 	/System/Library/PrivateFrameworks/CoreAVCHD.framework/Versions/A/CoreAVCHD
0x00007fff339c1000 	/System/Library/Frameworks/MediaAccessibility.framework/Versions/A/MediaAccessibility
0x00007fff54b93000 	/System/Library/PrivateFrameworks/Mangrove.framework/Versions/A/Mangrove
0x00007fff2fe8f000 	/System/Library/Frameworks/CoreMedia.framework/Versions/A/CoreMedia
0x00007fff54dff000 	/System/Library/PrivateFrameworks/MediaExperience.framework/Versions/A/MediaExperience
0x00007fff3c96f000 	/System/Library/Frameworks/VideoToolbox.framework/Versions/A/VideoToolbox
0x00007fff46033000 	/System/Library/PrivateFrameworks/CoreAUC.framework/Versions/A/CoreAUC
0x00007fff67b80000 	/usr/lib/libspindump.dylib
0x00007fff43091000 	/System/Library/PrivateFrameworks/AudioResourceArbitration.framework/Versions/A/AudioResourceArbitration
0x00007fff42aa6000 	/System/Library/PrivateFrameworks/AppleVA.framework/Versions/A/AppleVA
0x00007fff2a8f7000 	/System/Library/Frameworks/Accelerate.framework/Versions/A/Frameworks/vImage.framework/Versions/A/Libraries/libCGInterfaces.dylib
0x0000000128c6f000 	/usr/lib/libobjc-trampolines.dylib
0x00007fff4b37e000 	/System/Library/PrivateFrameworks/FontServices.framework/libTrueTypeScaler.dylib
0x00007fff2766f000 	/System/Library/Extensions/AppleIntelKBLGraphicsMTLDriver.bundle/Contents/MacOS/AppleIntelKBLGraphicsMTLDriver
0x00007fff4e907000 	/System/Library/PrivateFrameworks/GPUCompiler.framework/Versions/3902/Libraries/libmetal_timestamp.dylib
0x00007fff61857000 	/System/Library/PrivateFrameworks/ViewBridge.framework/Versions/A/ViewBridge
0x0000000129bff000 	/Library/Java/JavaVirtualMachines/jdk1.8.0_261.jdk/Contents/Home/jre/lib/libfontmanager.dylib
0x0000000129c60000 	/Users/davidwang/.gradle/caches/minecraft/net/minecraft/natives/1.8.9/liblwjgl.dylib
0x0000000129402000 	/Library/Java/JavaVirtualMachines/jdk1.8.0_261.jdk/Contents/Home/jre/lib/libjawt.dylib
0x00007fff5f1ac000 	/System/Library/PrivateFrameworks/SystemAdministration.framework/Versions/A/SystemAdministration
0x00007fff49143000 	/System/Library/PrivateFrameworks/DiskManagement.framework/Versions/A/DiskManagement
0x00007fff30f10000 	/System/Library/Frameworks/DirectoryService.framework/Versions/A/DirectoryService
0x00007fff4907a000 	/System/Library/PrivateFrameworks/DiskImages.framework/Versions/A/DiskImages
0x00007fff5439e000 	/System/Library/PrivateFrameworks/LoginUIKit.framework/Versions/A/Frameworks/LoginUICore.framework/Versions/A/LoginUICore
0x00007fff65648000 	/usr/lib/libCoreStorage.dylib
0x00007fff667be000 	/usr/lib/libcsfde.dylib
0x00007fff67a3b000 	/usr/lib/libodfde.dylib
0x00007fff54e8a000 	/System/Library/PrivateFrameworks/MediaKit.framework/Versions/A/MediaKit
0x00007fff30f1c000 	/System/Library/Frameworks/DiscRecording.framework/Versions/A/DiscRecording
0x00007fff492f9000 	/System/Library/PrivateFrameworks/EFILogin.framework/Versions/A/EFILogin
0x00007fff5a77d000 	/System/Library/PrivateFrameworks/ProtectedCloudStorage.framework/Versions/A/ProtectedCloudStorage
0x00007fff66832000 	/usr/lib/libcurl.4.dylib
0x00007fff666b7000 	/usr/lib/libcrypto.44.dylib
0x00007fff67e60000 	/usr/lib/libssl.46.dylib
0x00007fff33630000 	/System/Library/Frameworks/LDAP.framework/Versions/A/LDAP
0x00007fff5fb84000 	/System/Library/PrivateFrameworks/TrustEvaluationAgent.framework/Versions/A/TrustEvaluationAgent
0x00007fff67b6d000 	/usr/lib/libsasl2.2.dylib
0x00007fff46785000 	/System/Library/PrivateFrameworks/CoreDaemon.framework/Versions/B/CoreDaemon
0x00007fff429bc000 	/System/Library/PrivateFrameworks/AppleSRP.framework/Versions/A/AppleSRP
0x00007fff62ae9000 	/System/Library/PrivateFrameworks/login.framework/Versions/A/login
0x00007fff39801000 	/System/Library/Frameworks/OpenGL.framework/Versions/A/Resources/GLEngine.bundle/GLEngine
0x00007fff38be4000 	/System/Library/Frameworks/OpenGL.framework/Versions/A/Libraries/libGLProgrammability.dylib
0x00007fff26667000 	/System/Library/Extensions/AppleIntelKBLGraphicsGLDriver.bundle/Contents/MacOS/AppleIntelKBLGraphicsGLDriver
0x00007fff4ffb6000 	/System/Library/PrivateFrameworks/GPUSupport.framework/Versions/A/Libraries/libGPUSupportMercury.dylib
0x00007fff3997b000 	/System/Library/Frameworks/OpenGL.framework/Versions/A/Resources/GLRendererFloat.bundle/GLRendererFloat
0x00007fff3819d000 	/System/Library/Frameworks/OpenCL.framework/Versions/A/Libraries/libcldcpuengine.dylib

VM Arguments:
jvm_args: -Dfml.coreMods.load=net.shatterpoint.timechanger.core.CoreMod -javaagent:/Applications/IntelliJ IDEA CE.app/Contents/lib/idea_rt.jar=65183:/Applications/IntelliJ IDEA CE.app/Contents/bin -Dfile.encoding=UTF-8 
java_command: GradleStart --mixin mixins.timechanger.json
java_class_path (initial): /Library/Java/JavaVirtualMachines/jdk1.8.0_261.jdk/Contents/Home/jre/lib/charsets.jar:/Library/Java/JavaVirtualMachines/jdk1.8.0_261.jdk/Contents/Home/jre/lib/deploy.jar:/Library/Java/JavaVirtualMachines/jdk1.8.0_261.jdk/Contents/Home/jre/lib/ext/cldrdata.jar:/Library/Java/JavaVirtualMachines/jdk1.8.0_261.jdk/Contents/Home/jre/lib/ext/dnsns.jar:/Library/Java/JavaVirtualMachines/jdk1.8.0_261.jdk/Contents/Home/jre/lib/ext/jaccess.jar:/Library/Java/JavaVirtualMachines/jdk1.8.0_261.jdk/Contents/Home/jre/lib/ext/jfxrt.jar:/Library/Java/JavaVirtualMachines/jdk1.8.0_261.jdk/Contents/Home/jre/lib/ext/localedata.jar:/Library/Java/JavaVirtualMachines/jdk1.8.0_261.jdk/Contents/Home/jre/lib/ext/nashorn.jar:/Library/Java/JavaVirtualMachines/jdk1.8.0_261.jdk/Contents/Home/jre/lib/ext/sunec.jar:/Library/Java/JavaVirtualMachines/jdk1.8.0_261.jdk/Contents/Home/jre/lib/ext/sunjce_provider.jar:/Library/Java/JavaVirtualMachines/jdk1.8.0_261.jdk/Contents/Home/jre/lib/ext/sunpkcs11.jar:/Library/Java/JavaVirtualMachines/jdk1.8.0_261.jdk/Contents/Home/jre/lib/ext/zipfs.jar:/Library/Java/JavaVirtualMachines/jdk1.8.0_261.jdk/Contents/Home/jre/lib/javaws.jar:/Library/Java/JavaVirtualMachines/jdk1.8.0_261.jdk/Contents/Home/jre/lib/jce.jar:/Library/Java/JavaVirtualMachines/jdk1.8.0_261.jdk/Contents/Home/jre/lib/jfr.jar:/Library/Java/JavaVirtualMachines/jdk1.8.0_261.jdk/Contents/Home/jre/lib/jfxswt.jar:/Library/Java/JavaVirtualMachines/jdk1.8.0_261.jdk/Contents/Home/jre/lib/jsse.jar:/Library/Java/JavaVirtualMachines/jdk1.8.0_261.jdk/Contents/Home/jre/lib/management-agent.jar:/Library/Java/JavaVirtualMachines/jdk1.8.0_261.jdk/Contents/Home/jre/lib/plugin.jar:/Library/Java/JavaVirtualMachines/jdk1.8.0_261.jdk/Contents/Home/jre/lib/resources.jar:/Library/Java/JavaVirtualMachines/jdk1.8.0_261.jdk/Contents/Home/jre/lib/rt.jar:/Library/Java/JavaVirtualMachines/jdk1.8.0_261.jdk/Contents/Home/lib/ant-javafx.jar:/Library/Java/JavaVirtualMachines/jdk1.8.0_261.jdk/Contents/Home
Launcher Type: SUN_STANDARD

Environment Variables:
PATH=/Users/davidwang/opt/anaconda3/bin:/Users/davidwang/opt/anaconda3/condabin:/usr/local/bin:/usr/bin:/bin:/usr/sbin:/sbin
SHELL=/bin/bash

Signal Handlers:
SIGSEGV: [libjvm.dylib+0x5a009b], sa_mask[0]=11111111011111110111111111111111, sa_flags=SA_ONSTACK|SA_RESTART|SA_SIGINFO
SIGBUS: [libjvm.dylib+0x5a009b], sa_mask[0]=11111111011111110111111111111111, sa_flags=SA_RESTART|SA_SIGINFO
SIGFPE: [libjvm.dylib+0x490c6d], sa_mask[0]=11111111011111110111111111111111, sa_flags=SA_RESTART|SA_SIGINFO
SIGPIPE: [libjvm.dylib+0x490c6d], sa_mask[0]=11111111011111110111111111111111, sa_flags=SA_RESTART|SA_SIGINFO
SIGXFSZ: [libjvm.dylib+0x490c6d], sa_mask[0]=11111111011111110111111111111111, sa_flags=SA_RESTART|SA_SIGINFO
SIGILL: [libjvm.dylib+0x490c6d], sa_mask[0]=11111111011111110111111111111111, sa_flags=SA_RESTART|SA_SIGINFO
SIGUSR1: SIG_DFL, sa_mask[0]=00000000000000000000000000000000, sa_flags=none
SIGUSR2: [libjvm.dylib+0x491566], sa_mask[0]=00100000000000000000000000000000, sa_flags=SA_RESTART|SA_SIGINFO
SIGHUP: [libjvm.dylib+0x48f775], sa_mask[0]=11111111011111110111111111111111, sa_flags=SA_RESTART|SA_SIGINFO
SIGINT: [libjvm.dylib+0x48f775], sa_mask[0]=11111111011111110111111111111111, sa_flags=SA_RESTART|SA_SIGINFO
SIGTERM: [libjvm.dylib+0x48f775], sa_mask[0]=11111111011111110111111111111111, sa_flags=SA_RESTART|SA_SIGINFO
SIGQUIT: [libjvm.dylib+0x48f775], sa_mask[0]=11111111011111110111111111111111, sa_flags=SA_RESTART|SA_SIGINFO


---------------  S Y S T E M  ---------------

OS:Bsduname:Darwin 19.6.0 Darwin Kernel Version 19.6.0: Tue Nov 10 00:10:30 PST 2020; root:xnu-6153.141.10~1/RELEASE_X86_64 x86_64
rlimit: STACK 8192k, CORE 0k, NPROC 2784, NOFILE 10240, AS infinity
load average:3.71 2.81 2.71

CPU:total 8 (initial active 8) (4 cores per cpu, 2 threads per core) family 6 model 142 stepping 10, cmov, cx8, fxsr, mmx, sse, sse2, sse3, ssse3, sse4.1, sse4.2, popcnt, avx, avx2, aes, clmul, erms, 3dnowpref, lzcnt, ht, tsc, tscinvbit, bmi1, bmi2, adx

Memory: 4k page, physical 16777216k(1406932k free)

/proc/meminfo:


vm_info: Java HotSpot(TM) 64-Bit Server VM (25.261-b12) for bsd-amd64 JRE (1.8.0_261-b12), built on Jun 18 2020 06:38:55 by "java_re" with gcc 4.2.1 Compatible Apple LLVM 10.0.0 (clang-1000.11.45.5)

time: Sat Dec 26 16:41:52 2020
timezone: PST
elapsed time: 17 seconds (0d 0h 0m 17s)

