#
# A fatal error has been detected by the Java Runtime Environment:
#
#  SIGSEGV (0xb) at pc=0x00007fff67a81678, pid=15351, tid=0x0000000000000f03
#
# JRE version: Java(TM) SE Runtime Environment (8.0_261-b12) (build 1.8.0_261-b12)
# Java VM: Java HotSpot(TM) 64-Bit Server VM (25.261-b12 mixed mode bsd-amd64 compressed oops)
# Problematic frame:
# C  [libobjc.A.dylib+0x8678]  objc_release+0x18
#
# Failed to write core dump. Core dumps have been disabled. To enable core dumping, try "ulimit -c unlimited" before starting Java again
#
# If you would like to submit a bug report, please visit:
#   http://bugreport.java.com/bugreport/crash.jsp
# The crash happened outside the Java Virtual Machine in native code.
# See problematic frame for where to report the bug.
#

---------------  T H R E A D  ---------------

Current thread (0x00007fc58380f800):  JavaThread "Client thread" [_thread_in_native, id=3843, stack(0x0000700006f4a000,0x000070000704a000)]

siginfo: si_signo: 11 (SIGSEGV), si_code: 1 (SEGV_MAPERR), si_addr: 0x0000000000050020

Registers:
RAX=0x0000000000050000, RBX=0x00007fc585033000, RCX=0x00007fc585033118, RDX=0x0000000000000003
RSP=0x00007000070483c8, RBP=0x00007000070483f0, RSI=0x00007fc5836cbbc0, RDI=0x00007fc5837e7970
R8 =0x00000000000130a8, R9 =0x0000000000000000, R10=0x000000012e7ebc68, R11=0x00007fff2bf97eed
R12=0x0000000000000000, R13=0x000000012f02ff78, R14=0x00007fc5850330b0, R15=0xa3a3a3a3a3a3a3a3
RIP=0x00007fff67a81678, EFLAGS=0x0000000000010206, ERR=0x0000000000000004
  TRAPNO=0x000000000000000e

Top of Stack: (sp=0x00007000070483c8)
0x00007000070483c8:   00007fff67a9d054 0000000000000000
0x00007000070483d8:   00007fc585033000 00007fff72fb7dd3
0x00007000070483e8:   00007fc58380f800 0000700007048410
0x00007000070483f8:   00007fff67a81dba 0000000000000000
0x0000700007048408:   00007fc5850330b0 0000700007048430
0x0000700007048418:   00007fff2ed1ba85 0000000000000000
0x0000700007048428:   00007fc583492510 0000700007048470
0x0000700007048438:   00007fff313b5ac1 0000700007048470
0x0000700007048448:   000000012e7c3e0f 000000012f02ff80
0x0000700007048458:   6f7df6c29aa40058 000000012f02ff80
0x0000700007048468:   00007000070484f8 00007000070484d0
0x0000700007048478:   00000001148b36c7 0000000775511ee8
0x0000700007048488:   00000001148b33e2 0000700007048490
0x0000700007048498:   000000012f02ff78 00007000070484f8
0x00007000070484a8:   000000012f0304e0 0000000000000000
0x00007000070484b8:   000000012f02ff80 0000000000000000
0x00007000070484c8:   00007000070484f0 0000700007048540
0x00007000070484d8:   00000001148a32bd 000000077568d700
0x00007000070484e8:   00000001148acd18 00000007756ae420
0x00007000070484f8:   0000000775511ee8 0000700007048500
0x0000700007048508:   000000012f02fe7f 0000700007048570
0x0000700007048518:   000000012f0304e0 0000000000000000
0x0000700007048528:   000000012f02fef0 00007000070484f0
0x0000700007048538:   0000700007048560 00007000070485c8
0x0000700007048548:   00000001148a3302 0000000000000000
0x0000700007048558:   0000000775511ee8 00000007756ae420
0x0000700007048568:   0000000775511e30 000000077568d790
0x0000700007048578:   00000001148aeca7 000000077568d7a0
0x0000700007048588:   0000700007048578 000000012ec2f6f6
0x0000700007048598:   00007000070485d8 000000012ec30590
0x00007000070485a8:   0000000000000000 000000012ec2f728
0x00007000070485b8:   0000700007048560 00007000070485d8 

Instructions: (pc=0x00007fff67a81678)
0x00007fff67a81658:   90 90 e9 60 3e 00 00 90 48 85 ff 74 64 40 f6 c7
0x00007fff67a81668:   01 75 5e 48 b8 f8 ff ff ff ff 7f 00 00 48 23 07
0x00007fff67a81678:   f6 40 20 04 74 69 48 b9 00 00 00 00 00 00 00 01
0x00007fff67a81688:   48 ba 00 00 00 00 00 00 40 00 48 8b 07 a8 01 74 

Register to memory mapping:

RAX=0x0000000000050000 is an unknown value
RBX=0x00007fc585033000 is an unknown value
RCX=0x00007fc585033118 is an unknown value
RDX=0x0000000000000003 is an unknown value
RSP=0x00007000070483c8 is pointing into the stack for thread: 0x00007fc58380f800
RBP=0x00007000070483f0 is pointing into the stack for thread: 0x00007fc58380f800
RSI=0x00007fc5836cbbc0 is an unknown value
RDI=0x00007fc5837e7970 is an unknown value
R8 =0x00000000000130a8 is an unknown value
R9 =0x0000000000000000 is an unknown value
R10=0x000000012e7ebc68: OBJC_CLASS_$_MacOSXOpenGLView+0 in /Users/davidwang/.gradle/caches/minecraft/net/minecraft/natives/1.8.9/liblwjgl.dylib at 0x000000012e7ae000
R11=0x00007fff2bf97eed: -[NSResponder release]+0 in /System/Library/Frameworks/AppKit.framework/Versions/C/AppKit at 0x00007fff2bf8d000
R12=0x0000000000000000 is an unknown value
R13=0x000000012f02ff78 is pointing into metadata
R14=0x00007fc5850330b0 is an unknown value
R15=0xa3a3a3a3a3a3a3a3 is an unknown value


Stack: [0x0000700006f4a000,0x000070000704a000],  sp=0x00007000070483c8,  free space=1016k
Native frames: (J=compiled Java code, j=interpreted, Vv=VM code, C=native code)
C  [libobjc.A.dylib+0x8678]  objc_release+0x18
C  [libobjc.A.dylib+0x8dba]  objc_autoreleasePoolPop+0xaf
C  [CoreFoundation+0x41a85]  _CFAutoreleasePoolPop+0x16
C  [Foundation+0x1eac1]  -[NSAutoreleasePool release]+0x81
j  org.lwjgl.opengl.MacOSXContextImplementation.setView(Ljava/nio/ByteBuffer;Ljava/nio/ByteBuffer;)V+0
j  org.lwjgl.opengl.MacOSXContextImplementation.makeCurrent(Lorg/lwjgl/opengl/PeerInfo;Ljava/nio/ByteBuffer;)V+7
j  org.lwjgl.opengl.ContextGL.makeCurrent()V+46
j  org.lwjgl.opengl.DrawableGL.makeCurrent()V+14
j  org.lwjgl.opengl.Display.makeCurrent()V+3
j  org.lwjgl.opengl.Display.makeCurrentAndSetSwapInterval()V+0
j  org.lwjgl.opengl.Display.create(Lorg/lwjgl/opengl/PixelFormat;Lorg/lwjgl/opengl/Drawable;Lorg/lwjgl/opengl/ContextAttribs;)V+108
j  org.lwjgl.opengl.Display.create(Lorg/lwjgl/opengl/PixelFormat;)V+12
j  net.minecraft.client.Minecraft.createDisplay()V+22
j  net.minecraft.client.Minecraft.startGame()V+115
j  net.minecraft.client.Minecraft.run()V+6
j  net.minecraft.client.main.Main.main([Ljava/lang/String;)V+1068
v  ~StubRoutines::call_stub
V  [libjvm.dylib+0x2d42cd]
V  [libjvm.dylib+0x4d95d3]
V  [libjvm.dylib+0x4da2a2]
V  [libjvm.dylib+0x345d95]
j  sun.reflect.NativeMethodAccessorImpl.invoke0(Ljava/lang/reflect/Method;Ljava/lang/Object;[Ljava/lang/Object;)Ljava/lang/Object;+0
j  sun.reflect.NativeMethodAccessorImpl.invoke(Ljava/lang/Object;[Ljava/lang/Object;)Ljava/lang/Object;+100
j  sun.reflect.DelegatingMethodAccessorImpl.invoke(Ljava/lang/Object;[Ljava/lang/Object;)Ljava/lang/Object;+6
j  java.lang.reflect.Method.invoke(Ljava/lang/Object;[Ljava/lang/Object;)Ljava/lang/Object;+56
j  net.minecraft.launchwrapper.Launch.launch([Ljava/lang/String;)V+661
j  net.minecraft.launchwrapper.Launch.main([Ljava/lang/String;)V+8
v  ~StubRoutines::call_stub
V  [libjvm.dylib+0x2d42cd]
V  [libjvm.dylib+0x4d95d3]
V  [libjvm.dylib+0x4da2a2]
V  [libjvm.dylib+0x345d95]
j  sun.reflect.NativeMethodAccessorImpl.invoke0(Ljava/lang/reflect/Method;Ljava/lang/Object;[Ljava/lang/Object;)Ljava/lang/Object;+0
j  sun.reflect.NativeMethodAccessorImpl.invoke(Ljava/lang/Object;[Ljava/lang/Object;)Ljava/lang/Object;+100
j  sun.reflect.DelegatingMethodAccessorImpl.invoke(Ljava/lang/Object;[Ljava/lang/Object;)Ljava/lang/Object;+6
j  java.lang.reflect.Method.invoke(Ljava/lang/Object;[Ljava/lang/Object;)Ljava/lang/Object;+56
j  net.minecraftforge.gradle.GradleStartCommon.launch([Ljava/lang/String;)V+169
j  GradleStart.main([Ljava/lang/String;)V+11
v  ~StubRoutines::call_stub
V  [libjvm.dylib+0x2d42cd]
V  [libjvm.dylib+0x305237]
V  [libjvm.dylib+0x3088e7]
C  [java+0x31fc]  JavaMain+0x9dc
C  [libsystem_pthread.dylib+0x6109]  _pthread_start+0x94
C  [libsystem_pthread.dylib+0x1b8b]  thread_start+0xf
C  0x0000000000000000

Java frames: (J=compiled Java code, j=interpreted, Vv=VM code)
j  org.lwjgl.opengl.MacOSXContextImplementation.setView(Ljava/nio/ByteBuffer;Ljava/nio/ByteBuffer;)V+0
j  org.lwjgl.opengl.MacOSXContextImplementation.makeCurrent(Lorg/lwjgl/opengl/PeerInfo;Ljava/nio/ByteBuffer;)V+7
j  org.lwjgl.opengl.ContextGL.makeCurrent()V+46
j  org.lwjgl.opengl.DrawableGL.makeCurrent()V+14
j  org.lwjgl.opengl.Display.makeCurrent()V+3
j  org.lwjgl.opengl.Display.makeCurrentAndSetSwapInterval()V+0
j  org.lwjgl.opengl.Display.create(Lorg/lwjgl/opengl/PixelFormat;Lorg/lwjgl/opengl/Drawable;Lorg/lwjgl/opengl/ContextAttribs;)V+108
j  org.lwjgl.opengl.Display.create(Lorg/lwjgl/opengl/PixelFormat;)V+12
j  net.minecraft.client.Minecraft.createDisplay()V+22
j  net.minecraft.client.Minecraft.startGame()V+115
j  net.minecraft.client.Minecraft.run()V+6
j  net.minecraft.client.main.Main.main([Ljava/lang/String;)V+1068
v  ~StubRoutines::call_stub
j  sun.reflect.NativeMethodAccessorImpl.invoke0(Ljava/lang/reflect/Method;Ljava/lang/Object;[Ljava/lang/Object;)Ljava/lang/Object;+0
j  sun.reflect.NativeMethodAccessorImpl.invoke(Ljava/lang/Object;[Ljava/lang/Object;)Ljava/lang/Object;+100
j  sun.reflect.DelegatingMethodAccessorImpl.invoke(Ljava/lang/Object;[Ljava/lang/Object;)Ljava/lang/Object;+6
j  java.lang.reflect.Method.invoke(Ljava/lang/Object;[Ljava/lang/Object;)Ljava/lang/Object;+56
j  net.minecraft.launchwrapper.Launch.launch([Ljava/lang/String;)V+661
j  net.minecraft.launchwrapper.Launch.main([Ljava/lang/String;)V+8
v  ~StubRoutines::call_stub
j  sun.reflect.NativeMethodAccessorImpl.invoke0(Ljava/lang/reflect/Method;Ljava/lang/Object;[Ljava/lang/Object;)Ljava/lang/Object;+0
j  sun.reflect.NativeMethodAccessorImpl.invoke(Ljava/lang/Object;[Ljava/lang/Object;)Ljava/lang/Object;+100
j  sun.reflect.DelegatingMethodAccessorImpl.invoke(Ljava/lang/Object;[Ljava/lang/Object;)Ljava/lang/Object;+6
j  java.lang.reflect.Method.invoke(Ljava/lang/Object;[Ljava/lang/Object;)Ljava/lang/Object;+56
j  net.minecraftforge.gradle.GradleStartCommon.launch([Ljava/lang/String;)V+169
j  GradleStart.main([Ljava/lang/String;)V+11
v  ~StubRoutines::call_stub

---------------  P R O C E S S  ---------------

Java Threads: ( => current thread )
  0x00007fc583cca000 JavaThread "AWT-Shutdown" [_thread_blocked, id=53771, stack(0x0000700008baa000,0x0000700008caa000)]
  0x00007fc58ce96000 JavaThread "Timer hack thread" daemon [_thread_blocked, id=37151, stack(0x000070000858f000,0x000070000868f000)]
  0x00007fc583db0800 JavaThread "Snooper Timer" daemon [_thread_blocked, id=52507, stack(0x0000700008aa7000,0x0000700008ba7000)]
  0x00007fc58c998000 JavaThread "Snooper Timer" daemon [_thread_blocked, id=83251, stack(0x00007000089a4000,0x0000700008aa4000)]
  0x00007fc58470c000 JavaThread "AppKit Thread" daemon [_thread_in_native, id=775, stack(0x00007ffee0f65000,0x00007ffee1765000)]
  0x00007fc583a81000 JavaThread "Attach Listener" daemon [_thread_blocked, id=22275, stack(0x000070000848c000,0x000070000858c000)]
  0x00007fc584891800 JavaThread "Service Thread" daemon [_thread_blocked, id=17155, stack(0x0000700008286000,0x0000700008386000)]
  0x00007fc584856000 JavaThread "C1 CompilerThread3" daemon [_thread_blocked, id=17411, stack(0x0000700008183000,0x0000700008283000)]
  0x00007fc584855800 JavaThread "C2 CompilerThread2" daemon [_thread_in_native, id=16387, stack(0x0000700008080000,0x0000700008180000)]
  0x00007fc584854800 JavaThread "C2 CompilerThread1" daemon [_thread_in_native, id=15875, stack(0x0000700007f7d000,0x000070000807d000)]
  0x00007fc584854000 JavaThread "C2 CompilerThread0" daemon [_thread_in_native, id=17923, stack(0x0000700007e7a000,0x0000700007f7a000)]
  0x00007fc584852000 JavaThread "Monitor Ctrl-Break" daemon [_thread_in_native, id=18435, stack(0x0000700007d77000,0x0000700007e77000)]
  0x00007fc58383b000 JavaThread "Signal Dispatcher" daemon [_thread_blocked, id=15107, stack(0x0000700007c74000,0x0000700007d74000)]
  0x00007fc583825000 JavaThread "Finalizer" daemon [_thread_blocked, id=12547, stack(0x0000700007a6b000,0x0000700007b6b000)]
  0x00007fc583811000 JavaThread "Reference Handler" daemon [_thread_blocked, id=12291, stack(0x0000700007968000,0x0000700007a68000)]
=>0x00007fc58380f800 JavaThread "Client thread" [_thread_in_native, id=3843, stack(0x0000700006f4a000,0x000070000704a000)]

Other Threads:
  0x00007fc58481c800 VMThread [stack: 0x0000700007865000,0x0000700007965000] [id=20227]
  0x00007fc586035000 WatcherThread [stack: 0x0000700008389000,0x0000700008489000] [id=21763]

VM state:not at safepoint (normal execution)

VM Mutex/Monitor currently owned by a thread: None

heap address: 0x00000006c0000000, size: 4096 MB, Compressed Oops mode: Zero based, Oop shift amount: 3
Narrow klass base: 0x0000000000000000, Narrow klass shift: 3
Compressed class space size: 1073741824 Address: 0x00000007c0000000

Heap:
 PSYoungGen      total 514048K, used 184302K [0x000000076ab00000, 0x00000007a9c00000, 0x00000007c0000000)
  eden space 473088K, 38% used [0x000000076ab00000,0x0000000775efbb18,0x0000000787900000)
  from space 40960K, 0% used [0x0000000787900000,0x0000000787900000,0x000000078a100000)
  to   space 43520K, 0% used [0x00000007a7180000,0x00000007a7180000,0x00000007a9c00000)
 ParOldGen       total 177152K, used 71423K [0x00000006c0000000, 0x00000006cad00000, 0x000000076ab00000)
  object space 177152K, 40% used [0x00000006c0000000,0x00000006c45bfe08,0x00000006cad00000)
 Metaspace       used 23338K, capacity 23538K, committed 23936K, reserved 1071104K
  class space    used 3067K, capacity 3148K, committed 3200K, reserved 1048576K

Card table byte_map: [0x00000001107cc000,0x0000000110fcd000] byte_map_base: 0x000000010d1cc000

Marking Bits: (ParMarkBitMap*) 0x000000010fd28748
 Begin Bits: [0x000000012389b000, 0x000000012789b000)
 End Bits:   [0x000000012789b000, 0x000000012b89b000)

Polling page: 0x000000010e50f000

CodeCache: size=245760Kb used=10099Kb max_used=10939Kb free=235660Kb
 bounds [0x000000011489b000, 0x000000011535b000, 0x000000012389b000]
 total_blobs=3006 nmethods=2548 adapters=371
 compilation: enabled

Compilation events (10 events):
Event: 17.431 Thread 0x00007fc584855800 nmethod 2928 0x0000000114cce750 code [0x0000000114ccee80, 0x0000000114cd4578]
Event: 17.432 Thread 0x00007fc584855800 3028   !   4       net.minecraftforge.fml.common.asm.transformers.deobf.FMLDeobfuscatingRemapper::getFieldType (224 bytes)
Event: 17.473 Thread 0x00007fc584856000 3063       2       sun.reflect.ReflectionFactory::checkInitted (19 bytes)
Event: 17.473 Thread 0x00007fc584856000 nmethod 3063 0x0000000114d1bf90 code [0x0000000114d1c100, 0x0000000114d1c2c8]
Event: 17.473 Thread 0x00007fc584856000 3064       2       java.lang.reflect.Modifier::isFinal (13 bytes)
Event: 17.473 Thread 0x00007fc584856000 nmethod 3064 0x0000000114d1bc90 code [0x0000000114d1bde0, 0x0000000114d1bf30]
Event: 17.474 Thread 0x00007fc584856000 3065       2       java.lang.reflect.Field::setFieldAccessor (34 bytes)
Event: 17.474 Thread 0x00007fc584856000 nmethod 3065 0x0000000114d1b7d0 code [0x0000000114d1b940, 0x0000000114d1bb88]
Event: 17.478 Thread 0x00007fc584856000 3066       1       java.nio.Buffer::remaining (10 bytes)
Event: 17.478 Thread 0x00007fc584856000 nmethod 3066 0x0000000114b15f10 code [0x0000000114b16060, 0x0000000114b16170]

GC Heap History (10 events):
Event: 13.809 GC heap before
{Heap before GC invocations=7 (full 1):
 PSYoungGen      total 141824K, used 141803K [0x000000076ab00000, 0x000000077c000000, 0x00000007c0000000)
  eden space 131072K, 100% used [0x000000076ab00000,0x0000000772b00000,0x0000000772b00000)
  from space 10752K, 99% used [0x0000000772b00000,0x000000077357afe8,0x0000000773580000)
  to   space 10752K, 0% used [0x000000077b580000,0x000000077b580000,0x000000077c000000)
 ParOldGen       total 175104K, used 43094K [0x00000006c0000000, 0x00000006cab00000, 0x000000076ab00000)
  object space 175104K, 24% used [0x00000006c0000000,0x00000006c2a15820,0x00000006cab00000)
 Metaspace       used 16208K, capacity 16396K, committed 16640K, reserved 1064960K
  class space    used 1880K, capacity 1963K, committed 2048K, reserved 1048576K
Event: 13.821 GC heap after
Heap after GC invocations=7 (full 1):
 PSYoungGen      total 250880K, used 10737K [0x000000076ab00000, 0x000000077eb00000, 0x00000007c0000000)
  eden space 240128K, 0% used [0x000000076ab00000,0x000000076ab00000,0x0000000779580000)
  from space 10752K, 99% used [0x000000077b580000,0x000000077bffc708,0x000000077c000000)
  to   space 32768K, 0% used [0x0000000779580000,0x0000000779580000,0x000000077b580000)
 ParOldGen       total 175104K, used 58367K [0x00000006c0000000, 0x00000006cab00000, 0x000000076ab00000)
  object space 175104K, 33% used [0x00000006c0000000,0x00000006c38ffec8,0x00000006cab00000)
 Metaspace       used 16208K, capacity 16396K, committed 16640K, reserved 1064960K
  class space    used 1880K, capacity 1963K, committed 2048K, reserved 1048576K
}
Event: 14.979 GC heap before
{Heap before GC invocations=8 (full 1):
 PSYoungGen      total 250880K, used 250865K [0x000000076ab00000, 0x000000077eb00000, 0x00000007c0000000)
  eden space 240128K, 100% used [0x000000076ab00000,0x0000000779580000,0x0000000779580000)
  from space 10752K, 99% used [0x000000077b580000,0x000000077bffc708,0x000000077c000000)
  to   space 32768K, 0% used [0x0000000779580000,0x0000000779580000,0x000000077b580000)
 ParOldGen       total 175104K, used 58367K [0x00000006c0000000, 0x00000006cab00000, 0x000000076ab00000)
  object space 175104K, 33% used [0x00000006c0000000,0x00000006c38ffec8,0x00000006cab00000)
 Metaspace       used 19149K, capacity 19346K, committed 19584K, reserved 1067008K
  class space    used 2304K, capacity 2348K, committed 2432K, reserved 1048576K
Event: 14.997 GC heap after
Heap after GC invocations=8 (full 1):
 PSYoungGen      total 272896K, used 24637K [0x000000076ab00000, 0x000000078c200000, 0x00000007c0000000)
  eden space 240128K, 0% used [0x000000076ab00000,0x000000076ab00000,0x0000000779580000)
  from space 32768K, 75% used [0x0000000779580000,0x000000077ad8f5d0,0x000000077b580000)
  to   space 33792K, 0% used [0x000000078a100000,0x000000078a100000,0x000000078c200000)
 ParOldGen       total 175104K, used 58375K [0x00000006c0000000, 0x00000006cab00000, 0x000000076ab00000)
  object space 175104K, 33% used [0x00000006c0000000,0x00000006c3901ec8,0x00000006cab00000)
 Metaspace       used 19149K, capacity 19346K, committed 19584K, reserved 1067008K
  class space    used 2304K, capacity 2348K, committed 2432K, reserved 1048576K
}
Event: 15.870 GC heap before
{Heap before GC invocations=9 (full 1):
 PSYoungGen      total 272896K, used 264765K [0x000000076ab00000, 0x000000078c200000, 0x00000007c0000000)
  eden space 240128K, 100% used [0x000000076ab00000,0x0000000779580000,0x0000000779580000)
  from space 32768K, 75% used [0x0000000779580000,0x000000077ad8f5d0,0x000000077b580000)
  to   space 33792K, 0% used [0x000000078a100000,0x000000078a100000,0x000000078c200000)
 ParOldGen       total 175104K, used 58375K [0x00000006c0000000, 0x00000006cab00000, 0x000000076ab00000)
  object space 175104K, 33% used [0x00000006c0000000,0x00000006c3901ec8,0x00000006cab00000)
 Metaspace       used 20068K, capacity 20242K, committed 20480K, reserved 1067008K
  class space    used 2493K, capacity 2540K, committed 2560K, reserved 1048576K
Event: 15.896 GC heap after
Heap after GC invocations=9 (full 1):
 PSYoungGen      total 506880K, used 33775K [0x000000076ab00000, 0x000000078d000000, 0x00000007c0000000)
  eden space 473088K, 0% used [0x000000076ab00000,0x000000076ab00000,0x0000000787900000)
  from space 33792K, 99% used [0x000000078a100000,0x000000078c1fbca0,0x000000078c200000)
  to   space 40960K, 0% used [0x0000000787900000,0x0000000787900000,0x000000078a100000)
 ParOldGen       total 175104K, used 63704K [0x00000006c0000000, 0x00000006cab00000, 0x000000076ab00000)
  object space 175104K, 36% used [0x00000006c0000000,0x00000006c3e362b8,0x00000006cab00000)
 Metaspace       used 20068K, capacity 20242K, committed 20480K, reserved 1067008K
  class space    used 2493K, capacity 2540K, committed 2560K, reserved 1048576K
}
Event: 16.346 GC heap before
{Heap before GC invocations=10 (full 1):
 PSYoungGen      total 506880K, used 121791K [0x000000076ab00000, 0x000000078d000000, 0x00000007c0000000)
  eden space 473088K, 18% used [0x000000076ab00000,0x00000007700f4058,0x0000000787900000)
  from space 33792K, 99% used [0x000000078a100000,0x000000078c1fbca0,0x000000078c200000)
  to   space 40960K, 0% used [0x0000000787900000,0x0000000787900000,0x000000078a100000)
 ParOldGen       total 175104K, used 63704K [0x00000006c0000000, 0x00000006cab00000, 0x000000076ab00000)
  object space 175104K, 36% used [0x00000006c0000000,0x00000006c3e362b8,0x00000006cab00000)
 Metaspace       used 20809K, capacity 21042K, committed 21248K, reserved 1067008K
  class space    used 2659K, capacity 2764K, committed 2816K, reserved 1048576K
Event: 16.373 GC heap after
Heap after GC invocations=10 (full 1):
 PSYoungGen      total 514048K, used 33830K [0x000000076ab00000, 0x00000007a9c00000, 0x00000007c0000000)
  eden space 473088K, 0% used [0x000000076ab00000,0x000000076ab00000,0x0000000787900000)
  from space 40960K, 82% used [0x0000000787900000,0x0000000789a09ab8,0x000000078a100000)
  to   space 43520K, 0% used [0x00000007a7180000,0x00000007a7180000,0x00000007a9c00000)
 ParOldGen       total 175104K, used 68270K [0x00000006c0000000, 0x00000006cab00000, 0x000000076ab00000)
  object space 175104K, 38% used [0x00000006c0000000,0x00000006c42ab848,0x00000006cab00000)
 Metaspace       used 20809K, capacity 21042K, committed 21248K, reserved 1067008K
  class space    used 2659K, capacity 2764K, committed 2816K, reserved 1048576K
}
Event: 16.373 GC heap before
{Heap before GC invocations=11 (full 2):
 PSYoungGen      total 514048K, used 33830K [0x000000076ab00000, 0x00000007a9c00000, 0x00000007c0000000)
  eden space 473088K, 0% used [0x000000076ab00000,0x000000076ab00000,0x0000000787900000)
  from space 40960K, 82% used [0x0000000787900000,0x0000000789a09ab8,0x000000078a100000)
  to   space 43520K, 0% used [0x00000007a7180000,0x00000007a7180000,0x00000007a9c00000)
 ParOldGen       total 175104K, used 68270K [0x00000006c0000000, 0x00000006cab00000, 0x000000076ab00000)
  object space 175104K, 38% used [0x00000006c0000000,0x00000006c42ab848,0x00000006cab00000)
 Metaspace       used 20809K, capacity 21042K, committed 21248K, reserved 1067008K
  class space    used 2659K, capacity 2764K, committed 2816K, reserved 1048576K
Event: 16.509 GC heap after
Heap after GC invocations=11 (full 2):
 PSYoungGen      total 514048K, used 0K [0x000000076ab00000, 0x00000007a9c00000, 0x00000007c0000000)
  eden space 473088K, 0% used [0x000000076ab00000,0x000000076ab00000,0x0000000787900000)
  from space 40960K, 0% used [0x0000000787900000,0x0000000787900000,0x000000078a100000)
  to   space 43520K, 0% used [0x00000007a7180000,0x00000007a7180000,0x00000007a9c00000)
 ParOldGen       total 177152K, used 71423K [0x00000006c0000000, 0x00000006cad00000, 0x000000076ab00000)
  object space 177152K, 40% used [0x00000006c0000000,0x00000006c45bfe08,0x00000006cad00000)
 Metaspace       used 20809K, capacity 21042K, committed 21248K, reserved 1067008K
  class space    used 2659K, capacity 2764K, committed 2816K, reserved 1048576K
}

Deoptimization events (10 events):
Event: 15.844 Thread 0x00007fc58380f800 Uncommon trap: reason=class_check action=maybe_recompile pc=0x0000000114e7382c method=net.minecraftforge.fml.common.asm.transformers.deobf.FMLDeobfuscatingRemapper.map(Ljava/lang/String;)Ljava/lang/String; @ 11
Event: 15.953 Thread 0x00007fc58380f800 Uncommon trap: reason=class_check action=maybe_recompile pc=0x0000000114e7382c method=net.minecraftforge.fml.common.asm.transformers.deobf.FMLDeobfuscatingRemapper.map(Ljava/lang/String;)Ljava/lang/String; @ 11
Event: 15.967 Thread 0x00007fc58380f800 Uncommon trap: reason=class_check action=maybe_recompile pc=0x0000000114e7382c method=net.minecraftforge.fml.common.asm.transformers.deobf.FMLDeobfuscatingRemapper.map(Ljava/lang/String;)Ljava/lang/String; @ 11
Event: 16.263 Thread 0x00007fc58380f800 Uncommon trap: reason=unstable_if action=reinterpret pc=0x00000001150cb644 method=org.objectweb.asm.Type.getType([CI)Lorg/objectweb/asm/Type; @ 165
Event: 16.775 Thread 0x00007fc58380f800 Uncommon trap: reason=unstable_if action=reinterpret pc=0x00000001150d78e4 method=org.objectweb.asm.MethodWriter.visitMethodInsn(ILjava/lang/String;Ljava/lang/String;Ljava/lang/String;Z)V @ 161
Event: 16.775 Thread 0x00007fc58380f800 Uncommon trap: reason=unstable_if action=reinterpret pc=0x0000000115170f28 method=org.objectweb.asm.MethodWriter.visitMethodInsn(ILjava/lang/String;Ljava/lang/String;Ljava/lang/String;Z)V @ 161
Event: 16.986 Thread 0x00007fc58380f800 Uncommon trap: reason=unstable_if action=reinterpret pc=0x0000000114ea7134 method=com.google.common.base.Splitter$SplittingIterator.computeNext()Ljava/lang/String; @ 193
Event: 16.987 Thread 0x00007fc58380f800 Uncommon trap: reason=unstable_if action=reinterpret pc=0x0000000114e5cc90 method=com.google.common.base.Splitter$SplittingIterator.computeNext()Ljava/lang/String; @ 193
Event: 17.224 Thread 0x00007fc58380f800 Uncommon trap: reason=unstable_if action=reinterpret pc=0x0000000114c77378 method=java.util.HashMap.hash(Ljava/lang/Object;)I @ 1
Event: 17.452 Thread 0x00007fc58380f800 Uncommon trap: reason=predicate action=maybe_recompile pc=0x0000000114cf9b6c method=java.lang.String.regionMatches(ZILjava/lang/String;II)Z @ 63

Classes redefined (0 events):
No events

Internal exceptions (10 events):
Event: 17.339 Thread 0x00007fc58380f800 NullPointerException at vtable entry 0x00000001149b9d40
Event: 17.339 Thread 0x00007fc58380f800 Exception <a 'java/lang/NullPointerException'> (0x00000007749be738) thrown at [/jenkins/workspace/8-2-build-macosx-x86_64/jdk8u261/295/hotspot/src/share/vm/runtime/sharedRuntime.cpp, line 605]
Event: 17.342 Thread 0x00007fc58380f800 NullPointerException at vtable entry 0x00000001149b9d40
Event: 17.342 Thread 0x00007fc58380f800 Exception <a 'java/lang/NullPointerException'> (0x0000000774a226d0) thrown at [/jenkins/workspace/8-2-build-macosx-x86_64/jdk8u261/295/hotspot/src/share/vm/runtime/sharedRuntime.cpp, line 605]
Event: 17.345 Thread 0x00007fc58380f800 NullPointerException at vtable entry 0x00000001149b9d40
Event: 17.345 Thread 0x00007fc58380f800 Exception <a 'java/lang/NullPointerException'> (0x0000000774a973e0) thrown at [/jenkins/workspace/8-2-build-macosx-x86_64/jdk8u261/295/hotspot/src/share/vm/runtime/sharedRuntime.cpp, line 605]
Event: 17.356 Thread 0x00007fc58380f800 NullPointerException at vtable entry 0x00000001149b9d40
Event: 17.356 Thread 0x00007fc58380f800 Exception <a 'java/lang/NullPointerException'> (0x0000000774c93370) thrown at [/jenkins/workspace/8-2-build-macosx-x86_64/jdk8u261/295/hotspot/src/share/vm/runtime/sharedRuntime.cpp, line 605]
Event: 17.359 Thread 0x00007fc58380f800 NullPointerException at vtable entry 0x00000001149b9d40
Event: 17.359 Thread 0x00007fc58380f800 Exception <a 'java/lang/NullPointerException'> (0x0000000774d3d948) thrown at [/jenkins/workspace/8-2-build-macosx-x86_64/jdk8u261/295/hotspot/src/share/vm/runtime/sharedRuntime.cpp, line 605]

Events (10 events):
Event: 17.478 loading class org/lwjgl/opengl/ContextGL
Event: 17.478 loading class org/lwjgl/opengl/ContextGL done
Event: 17.480 loading class org/lwjgl/opengl/ContextImplementation
Event: 17.480 loading class org/lwjgl/opengl/ContextImplementation done
Event: 17.481 loading class org/lwjgl/opengl/MacOSXContextImplementation
Event: 17.481 loading class org/lwjgl/opengl/MacOSXContextImplementation done
Event: 17.482 loading class org/lwjgl/opengl/GLContext
Event: 17.482 loading class org/lwjgl/opengl/GLContext done
Event: 17.484 loading class org/lwjgl/opengl/GLContext$CapabilitiesCacheEntry
Event: 17.484 loading class org/lwjgl/opengl/GLContext$CapabilitiesCacheEntry done


Dynamic libraries:
0x00007fff2de38000 	/System/Library/Frameworks/Cocoa.framework/Versions/A/Cocoa
0x00007fff3b631000 	/System/Library/Frameworks/Security.framework/Versions/A/Security
0x00007fff2cd9d000 	/System/Library/Frameworks/ApplicationServices.framework/Versions/A/ApplicationServices
0x00007fff68155000 	/usr/lib/libz.1.dylib
0x00007fff65c19000 	/usr/lib/libSystem.B.dylib
0x00007fff2ecda000 	/System/Library/Frameworks/CoreFoundation.framework/Versions/A/CoreFoundation
0x00007fff31397000 	/System/Library/Frameworks/Foundation.framework/Versions/C/Foundation
0x00007fff67a79000 	/usr/lib/libobjc.A.dylib
0x00007fff2bf8d000 	/System/Library/Frameworks/AppKit.framework/Versions/C/AppKit
0x00007fff2e7bc000 	/System/Library/Frameworks/CoreData.framework/Versions/A/CoreData
0x00007fff5fc2e000 	/System/Library/PrivateFrameworks/UIFoundation.framework/Versions/A/UIFoundation
0x00007fff5acc2000 	/System/Library/PrivateFrameworks/RemoteViewServices.framework/Versions/A/RemoteViewServices
0x00007fff62789000 	/System/Library/PrivateFrameworks/XCTTargetBootstrap.framework/Versions/A/XCTTargetBootstrap
0x00007fff2eba7000 	/System/Library/Frameworks/CoreDisplay.framework/Versions/A/CoreDisplay
0x00007fff34252000 	/System/Library/Frameworks/Metal.framework/Versions/A/Metal
0x00007fff48cc5000 	/System/Library/PrivateFrameworks/DesktopServicesPriv.framework/Versions/A/DesktopServicesPriv
0x00007fff66d54000 	/usr/lib/liblangid.dylib
0x00007fff47f5a000 	/System/Library/PrivateFrameworks/CoreSVG.framework/Versions/A/CoreSVG
0x00007fff5de1e000 	/System/Library/PrivateFrameworks/SkyLight.framework/Versions/A/SkyLight
0x00007fff2f15b000 	/System/Library/Frameworks/CoreGraphics.framework/Versions/A/CoreGraphics
0x00007fff2a961000 	/System/Library/Frameworks/Accelerate.framework/Versions/A/Accelerate
0x00007fff68046000 	/usr/lib/libxml2.2.dylib
0x00007fff53c4d000 	/System/Library/PrivateFrameworks/IconServices.framework/Versions/A/IconServices
0x00007fff31b76000 	/System/Library/Frameworks/IOSurface.framework/Versions/A/IOSurface
0x00007fff65743000 	/usr/lib/libDiagnosticMessagesClient.dylib
0x00007fff48b1f000 	/System/Library/PrivateFrameworks/DFRFoundation.framework/Versions/A/DFRFoundation
0x00007fff66ae3000 	/usr/lib/libicucore.A.dylib
0x00007fff2d0cf000 	/System/Library/Frameworks/AudioToolbox.framework/Versions/A/AudioToolbox
0x00007fff2d1b2000 	/System/Library/Frameworks/AudioUnit.framework/Versions/A/AudioUnit
0x00007fff65e1b000 	/usr/lib/libauto.dylib
0x00007fff48bc1000 	/System/Library/PrivateFrameworks/DataDetectorsCore.framework/Versions/A/DataDetectorsCore
0x00007fff2d959000 	/System/Library/Frameworks/Carbon.framework/Versions/A/Frameworks/HIToolbox.framework/Versions/A/HIToolbox
0x00007fff3a82b000 	/System/Library/Frameworks/QuartzCore.framework/Versions/A/QuartzCore
0x00007fff2dc98000 	/System/Library/Frameworks/Carbon.framework/Versions/A/Frameworks/SpeechRecognition.framework/Versions/A/SpeechRecognition
0x00007fff48633000 	/System/Library/PrivateFrameworks/CoreUI.framework/Versions/A/CoreUI
0x00007fff2e227000 	/System/Library/Frameworks/CoreAudio.framework/Versions/A/CoreAudio
0x00007fff31056000 	/System/Library/Frameworks/DiskArbitration.framework/Versions/A/DiskArbitration
0x00007fff55c9d000 	/System/Library/PrivateFrameworks/MultitouchSupport.framework/Versions/A/MultitouchSupport
0x00007fff669aa000 	/usr/lib/libenergytrace.dylib
0x00007fff31ad0000 	/System/Library/Frameworks/IOKit.framework/Versions/A/IOKit
0x00007fff300c2000 	/System/Library/Frameworks/CoreServices.framework/Versions/A/CoreServices
0x00007fff57e55000 	/System/Library/PrivateFrameworks/PerformanceAnalysis.framework/Versions/A/PerformanceAnalysis
0x00007fff3985e000 	/System/Library/Frameworks/OpenGL.framework/Versions/A/OpenGL
0x00007fff2de46000 	/System/Library/Frameworks/ColorSync.framework/Versions/A/ColorSync
0x00007fff2f7de000 	/System/Library/Frameworks/CoreImage.framework/Versions/A/CoreImage
0x00007fff30b35000 	/System/Library/Frameworks/CoreText.framework/Versions/A/CoreText
0x00007fff31c06000 	/System/Library/Frameworks/ImageIO.framework/Versions/A/ImageIO
0x00007fff65eff000 	/usr/lib/libc++.1.dylib
0x00007fff65f7b000 	/usr/lib/libcompression.dylib
0x00007fff65a87000 	/usr/lib/libMobileGestalt.dylib
0x00007fff5f998000 	/System/Library/PrivateFrameworks/TextureIO.framework/Versions/A/TextureIO
0x00007fff65d7e000 	/usr/lib/libate.dylib
0x00007fff53e56000 	/System/Library/PrivateFrameworks/InternationalSupport.framework/Versions/A/InternationalSupport
0x00007fff68a16000 	/usr/lib/system/libcache.dylib
0x00007fff68a1c000 	/usr/lib/system/libcommonCrypto.dylib
0x00007fff68a28000 	/usr/lib/system/libcompiler_rt.dylib
0x00007fff68a30000 	/usr/lib/system/libcopyfile.dylib
0x00007fff68a3a000 	/usr/lib/system/libcorecrypto.dylib
0x00007fff68bd9000 	/usr/lib/system/libdispatch.dylib
0x00007fff68c1a000 	/usr/lib/system/libdyld.dylib
0x00007fff68c51000 	/usr/lib/system/libkeymgr.dylib
0x00007fff68c5f000 	/usr/lib/system/liblaunch.dylib
0x00007fff68c60000 	/usr/lib/system/libmacho.dylib
0x00007fff68c66000 	/usr/lib/system/libquarantine.dylib
0x00007fff68c69000 	/usr/lib/system/libremovefile.dylib
0x00007fff68c6b000 	/usr/lib/system/libsystem_asl.dylib
0x00007fff68c83000 	/usr/lib/system/libsystem_blocks.dylib
0x00007fff68c84000 	/usr/lib/system/libsystem_c.dylib
0x00007fff68d0c000 	/usr/lib/system/libsystem_configuration.dylib
0x00007fff68d10000 	/usr/lib/system/libsystem_coreservices.dylib
0x00007fff68d14000 	/usr/lib/system/libsystem_darwin.dylib
0x00007fff68d1d000 	/usr/lib/system/libsystem_dnssd.dylib
0x00007fff68d25000 	/usr/lib/system/libsystem_featureflags.dylib
0x00007fff68d27000 	/usr/lib/system/libsystem_info.dylib
0x00007fff68da2000 	/usr/lib/system/libsystem_m.dylib
0x00007fff68dea000 	/usr/lib/system/libsystem_malloc.dylib
0x00007fff68e12000 	/usr/lib/system/libsystem_networkextension.dylib
0x00007fff68e20000 	/usr/lib/system/libsystem_notify.dylib
0x00007fff68e3e000 	/usr/lib/system/libsystem_sandbox.dylib
0x00007fff68e43000 	/usr/lib/system/libsystem_secinit.dylib
0x00007fff68d75000 	/usr/lib/system/libsystem_kernel.dylib
0x00007fff68e2a000 	/usr/lib/system/libsystem_platform.dylib
0x00007fff68e33000 	/usr/lib/system/libsystem_pthread.dylib
0x00007fff68e46000 	/usr/lib/system/libsystem_symptoms.dylib
0x00007fff68e4e000 	/usr/lib/system/libsystem_trace.dylib
0x00007fff68e66000 	/usr/lib/system/libunwind.dylib
0x00007fff68e6c000 	/usr/lib/system/libxpc.dylib
0x00007fff65f52000 	/usr/lib/libc++abi.dylib
0x00007fff66d56000 	/usr/lib/liblzma.5.dylib
0x00007fff669d1000 	/usr/lib/libfakelink.dylib
0x00007fff65d0b000 	/usr/lib/libarchive.2.dylib
0x00007fff3c6e2000 	/System/Library/Frameworks/SystemConfiguration.framework/Versions/A/SystemConfiguration
0x00007fff65676000 	/usr/lib/libCRFSuite.dylib
0x00007fff2d549000 	/System/Library/Frameworks/CFNetwork.framework/Versions/A/CFNetwork
0x00007fff65ee1000 	/usr/lib/libbsm.0.dylib
0x00007fff68c52000 	/usr/lib/system/libkxld.dylib
0x00007fff4249c000 	/System/Library/PrivateFrameworks/AppleFSCompression.framework/Versions/A/AppleFSCompression
0x00007fff6626c000 	/usr/lib/libcoretls.dylib
0x00007fff66283000 	/usr/lib/libcoretls_cfhelpers.dylib
0x00007fff67abf000 	/usr/lib/libpam.2.dylib
0x00007fff67bf4000 	/usr/lib/libsqlite3.dylib
0x00007fff68033000 	/usr/lib/libxar.1.dylib
0x00007fff65ef2000 	/usr/lib/libbz2.1.0.dylib
0x00007fff669f2000 	/usr/lib/libiconv.2.dylib
0x00007fff65f68000 	/usr/lib/libcharset.1.dylib
0x00007fff6755c000 	/usr/lib/libnetwork.dylib
0x00007fff67ac6000 	/usr/lib/libpcap.A.dylib
0x00007fff65cc0000 	/usr/lib/libapple_nghttp2.dylib
0x00007fff30479000 	/System/Library/Frameworks/CoreServices.framework/Versions/A/Frameworks/FSEvents.framework/Versions/A/FSEvents
0x00007fff30149000 	/System/Library/Frameworks/CoreServices.framework/Versions/A/Frameworks/CarbonCore.framework/Versions/A/CarbonCore
0x00007fff306bd000 	/System/Library/Frameworks/CoreServices.framework/Versions/A/Frameworks/Metadata.framework/Versions/A/Metadata
0x00007fff30756000 	/System/Library/Frameworks/CoreServices.framework/Versions/A/Frameworks/OSServices.framework/Versions/A/OSServices
0x00007fff30784000 	/System/Library/Frameworks/CoreServices.framework/Versions/A/Frameworks/SearchKit.framework/Versions/A/SearchKit
0x00007fff300c3000 	/System/Library/Frameworks/CoreServices.framework/Versions/A/Frameworks/AE.framework/Versions/A/AE
0x00007fff30482000 	/System/Library/Frameworks/CoreServices.framework/Versions/A/Frameworks/LaunchServices.framework/Versions/A/LaunchServices
0x00007fff3042b000 	/System/Library/Frameworks/CoreServices.framework/Versions/A/Frameworks/DictionaryServices.framework/Versions/A/DictionaryServices
0x00007fff307ec000 	/System/Library/Frameworks/CoreServices.framework/Versions/A/Frameworks/SharedFileList.framework/Versions/A/SharedFileList
0x00007fff3567d000 	/System/Library/Frameworks/NetFS.framework/Versions/A/NetFS
0x00007fff561cd000 	/System/Library/PrivateFrameworks/NetAuth.framework/Versions/A/NetAuth
0x00007fff62b56000 	/System/Library/PrivateFrameworks/login.framework/Versions/A/Frameworks/loginsupport.framework/Versions/A/loginsupport
0x00007fff5f463000 	/System/Library/PrivateFrameworks/TCC.framework/Versions/A/TCC
0x00007fff470cd000 	/System/Library/PrivateFrameworks/CoreNLP.framework/Versions/A/CoreNLP
0x00007fff556ca000 	/System/Library/PrivateFrameworks/MetadataUtilities.framework/Versions/A/MetadataUtilities
0x00007fff66e2e000 	/usr/lib/libmecabra.dylib
0x00007fff66d86000 	/usr/lib/libmecab.dylib
0x00007fff669e2000 	/usr/lib/libgermantok.dylib
0x00007fff65ca7000 	/usr/lib/libThaiTokenizer.dylib
0x00007fff656ad000 	/usr/lib/libChineseTokenizer.dylib
0x00007fff2a979000 	/System/Library/Frameworks/Accelerate.framework/Versions/A/Frameworks/vImage.framework/Versions/A/vImage
0x00007fff2bde3000 	/System/Library/Frameworks/Accelerate.framework/Versions/A/Frameworks/vecLib.framework/Versions/A/vecLib
0x00007fff2bd20000 	/System/Library/Frameworks/Accelerate.framework/Versions/A/Frameworks/vecLib.framework/Versions/A/libvMisc.dylib
0x00007fff2bb48000 	/System/Library/Frameworks/Accelerate.framework/Versions/A/Frameworks/vecLib.framework/Versions/A/libvDSP.dylib
0x00007fff2afd0000 	/System/Library/Frameworks/Accelerate.framework/Versions/A/Frameworks/vecLib.framework/Versions/A/libBLAS.dylib
0x00007fff2b70c000 	/System/Library/Frameworks/Accelerate.framework/Versions/A/Frameworks/vecLib.framework/Versions/A/libLAPACK.dylib
0x00007fff2baa8000 	/System/Library/Frameworks/Accelerate.framework/Versions/A/Frameworks/vecLib.framework/Versions/A/libLinearAlgebra.dylib
0x00007fff2bb35000 	/System/Library/Frameworks/Accelerate.framework/Versions/A/Frameworks/vecLib.framework/Versions/A/libSparseBLAS.dylib
0x00007fff2babe000 	/System/Library/Frameworks/Accelerate.framework/Versions/A/Frameworks/vecLib.framework/Versions/A/libQuadrature.dylib
0x00007fff2b238000 	/System/Library/Frameworks/Accelerate.framework/Versions/A/Frameworks/vecLib.framework/Versions/A/libBNNS.dylib
0x00007fff2bac4000 	/System/Library/Frameworks/Accelerate.framework/Versions/A/Frameworks/vecLib.framework/Versions/A/libSparse.dylib
0x00007fff5423e000 	/System/Library/PrivateFrameworks/LanguageModeling.framework/Versions/A/LanguageModeling
0x00007fff46a7d000 	/System/Library/PrivateFrameworks/CoreEmoji.framework/Versions/A/CoreEmoji
0x00007fff5435c000 	/System/Library/PrivateFrameworks/LinguisticData.framework/Versions/A/LinguisticData
0x00007fff5430d000 	/System/Library/PrivateFrameworks/Lexicon.framework/Versions/A/Lexicon
0x00007fff65f69000 	/usr/lib/libcmph.dylib
0x00007fff3826c000 	/System/Library/Frameworks/OpenDirectory.framework/Versions/A/Frameworks/CFOpenDirectory.framework/Versions/A/CFOpenDirectory
0x00007fff38289000 	/System/Library/Frameworks/OpenDirectory.framework/Versions/A/OpenDirectory
0x00007fff406cc000 	/System/Library/PrivateFrameworks/APFS.framework/Versions/A/APFS
0x00007fff3b97b000 	/System/Library/Frameworks/SecurityFoundation.framework/Versions/A/SecurityFoundation
0x00007fff6802f000 	/usr/lib/libutil.dylib
0x00007fff47fb2000 	/System/Library/PrivateFrameworks/CoreServicesStore.framework/Versions/A/CoreServicesStore
0x00007fff3ba32000 	/System/Library/Frameworks/ServiceManagement.framework/Versions/A/ServiceManagement
0x00007fff43c6c000 	/System/Library/PrivateFrameworks/BackgroundTaskManagement.framework/Versions/A/BackgroundTaskManagement
0x00007fff6812c000 	/usr/lib/libxslt.1.dylib
0x00007fff42b0f000 	/System/Library/PrivateFrameworks/AppleSystemInfo.framework/Versions/A/AppleSystemInfo
0x00007fff31e21000 	/System/Library/Frameworks/ImageIO.framework/Versions/A/Resources/libJPEG.dylib
0x00007fff320e0000 	/System/Library/Frameworks/ImageIO.framework/Versions/A/Resources/libTIFF.dylib
0x00007fff320c3000 	/System/Library/Frameworks/ImageIO.framework/Versions/A/Resources/libPng.dylib
0x00007fff31d63000 	/System/Library/Frameworks/ImageIO.framework/Versions/A/Resources/libGIF.dylib
0x00007fff31d67000 	/System/Library/Frameworks/ImageIO.framework/Versions/A/Resources/libJP2.dylib
0x00007fff320de000 	/System/Library/Frameworks/ImageIO.framework/Versions/A/Resources/libRadiance.dylib
0x00007fff669ab000 	/usr/lib/libexpat.1.dylib
0x00007fff425f7000 	/System/Library/PrivateFrameworks/AppleJPEG.framework/Versions/A/AppleJPEG
0x00007fff4b2b2000 	/System/Library/PrivateFrameworks/FontServices.framework/libFontParser.dylib
0x00007fff61b58000 	/System/Library/PrivateFrameworks/WatchdogClient.framework/Versions/A/WatchdogClient
0x00007fff53899000 	/System/Library/PrivateFrameworks/IOAccelerator.framework/Versions/A/IOAccelerator
0x00007fff345ed000 	/System/Library/Frameworks/MetalPerformanceShaders.framework/Versions/A/MetalPerformanceShaders
0x00007fff5002f000 	/System/Library/PrivateFrameworks/GPUWrangler.framework/Versions/A/GPUWrangler
0x00007fff538ae000 	/System/Library/PrivateFrameworks/IOPresentment.framework/Versions/A/IOPresentment
0x00007fff48b32000 	/System/Library/PrivateFrameworks/DSExternalDisplay.framework/Versions/A/DSExternalDisplay
0x00007fff38bfd000 	/System/Library/Frameworks/OpenGL.framework/Versions/A/Libraries/libCoreFSCache.dylib
0x00007fff34339000 	/System/Library/Frameworks/MetalPerformanceShaders.framework/Frameworks/MPSCore.framework/Versions/A/MPSCore
0x00007fff34377000 	/System/Library/Frameworks/MetalPerformanceShaders.framework/Frameworks/MPSImage.framework/Versions/A/MPSImage
0x00007fff3443e000 	/System/Library/Frameworks/MetalPerformanceShaders.framework/Frameworks/MPSNeuralNetwork.framework/Versions/A/MPSNeuralNetwork
0x00007fff34402000 	/System/Library/Frameworks/MetalPerformanceShaders.framework/Frameworks/MPSMatrix.framework/Versions/A/MPSMatrix
0x00007fff3459d000 	/System/Library/Frameworks/MetalPerformanceShaders.framework/Frameworks/MPSRayIntersector.framework/Versions/A/MPSRayIntersector
0x00007fff34428000 	/System/Library/Frameworks/MetalPerformanceShaders.framework/Frameworks/MPSNDArray.framework/Versions/A/MPSNDArray
0x00007fff55717000 	/System/Library/PrivateFrameworks/MetalTools.framework/Versions/A/MetalTools
0x00007fff418a6000 	/System/Library/PrivateFrameworks/AggregateDictionary.framework/Versions/A/AggregateDictionary
0x00007fff464c5000 	/System/Library/PrivateFrameworks/CoreAnalytics.framework/Versions/A/CoreAnalytics
0x00007fff42a2e000 	/System/Library/PrivateFrameworks/AppleSauce.framework/Versions/A/AppleSauce
0x00007fff65969000 	/usr/lib/libIOReport.dylib
0x00007fff30ced000 	/System/Library/Frameworks/CoreVideo.framework/Versions/A/CoreVideo
0x00007fff514a8000 	/System/Library/PrivateFrameworks/GraphVisualizer.framework/Versions/A/GraphVisualizer
0x00007fff4a7f8000 	/System/Library/PrivateFrameworks/FaceCore.framework/Versions/A/FaceCore
0x00007fff38213000 	/System/Library/Frameworks/OpenCL.framework/Versions/A/OpenCL
0x00007fff6578b000 	/usr/lib/libFosl_dynamic.dylib
0x00007fff56bed000 	/System/Library/PrivateFrameworks/OTSVG.framework/Versions/A/OTSVG
0x00007fff2cea2000 	/System/Library/Frameworks/ApplicationServices.framework/Versions/A/Frameworks/ATS.framework/Versions/A/Resources/libFontRegistry.dylib
0x00007fff4b483000 	/System/Library/PrivateFrameworks/FontServices.framework/libhvf.dylib
0x00007fff38c08000 	/System/Library/Frameworks/OpenGL.framework/Versions/A/Libraries/libGFXShared.dylib
0x00007fff38de6000 	/System/Library/Frameworks/OpenGL.framework/Versions/A/Libraries/libGLU.dylib
0x00007fff38c11000 	/System/Library/Frameworks/OpenGL.framework/Versions/A/Libraries/libGL.dylib
0x00007fff38c1c000 	/System/Library/Frameworks/OpenGL.framework/Versions/A/Libraries/libGLImage.dylib
0x00007fff38bfa000 	/System/Library/Frameworks/OpenGL.framework/Versions/A/Libraries/libCVMSPluginSupport.dylib
0x00007fff38c03000 	/System/Library/Frameworks/OpenGL.framework/Versions/A/Libraries/libCoreVMClient.dylib
0x00007fff673fd000 	/usr/lib/libncurses.5.4.dylib
0x00007fff2cd9e000 	/System/Library/Frameworks/ApplicationServices.framework/Versions/A/Frameworks/ATS.framework/Versions/A/ATS
0x00007fff2cf6b000 	/System/Library/Frameworks/ApplicationServices.framework/Versions/A/Frameworks/ColorSyncLegacy.framework/Versions/A/ColorSyncLegacy
0x00007fff2d009000 	/System/Library/Frameworks/ApplicationServices.framework/Versions/A/Frameworks/HIServices.framework/Versions/A/HIServices
0x00007fff2d061000 	/System/Library/Frameworks/ApplicationServices.framework/Versions/A/Frameworks/LangAnalysis.framework/Versions/A/LangAnalysis
0x00007fff2d070000 	/System/Library/Frameworks/ApplicationServices.framework/Versions/A/Frameworks/PrintCore.framework/Versions/A/PrintCore
0x00007fff2d0b6000 	/System/Library/Frameworks/ApplicationServices.framework/Versions/A/Frameworks/QD.framework/Versions/A/QD
0x00007fff2d0c1000 	/System/Library/Frameworks/ApplicationServices.framework/Versions/A/Frameworks/SpeechSynthesis.framework/Versions/A/SpeechSynthesis
0x00007fff2cf3b000 	/System/Library/Frameworks/ApplicationServices.framework/Versions/A/Frameworks/ATSUI.framework/Versions/A/ATSUI
0x00007fff66841000 	/usr/lib/libcups.2.dylib
0x00007fff33688000 	/System/Library/Frameworks/Kerberos.framework/Versions/A/Kerberos
0x00007fff317c9000 	/System/Library/Frameworks/GSS.framework/Versions/A/GSS
0x00007fff67b80000 	/usr/lib/libresolv.9.dylib
0x00007fff51655000 	/System/Library/PrivateFrameworks/Heimdal.framework/Versions/A/Heimdal
0x00007fff3369b000 	/System/Library/Frameworks/Kerberos.framework/Versions/A/Libraries/libHeimdalProxy.dylib
0x00007fff669e8000 	/usr/lib/libheimdal-asn1.dylib
0x00007fff4595d000 	/System/Library/PrivateFrameworks/CommonAuth.framework/Versions/A/CommonAuth
0x00007fff42bac000 	/System/Library/PrivateFrameworks/AssertionServices.framework/Versions/A/AssertionServices
0x00007fff4374f000 	/System/Library/PrivateFrameworks/AudioToolboxCore.framework/Versions/A/AudioToolboxCore
0x00007fff62806000 	/System/Library/PrivateFrameworks/caulk.framework/Versions/A/caulk
0x00007fff43d18000 	/System/Library/PrivateFrameworks/BaseBoard.framework/Versions/A/BaseBoard
0x00007fff5ae50000 	/System/Library/PrivateFrameworks/RunningBoardServices.framework/Versions/A/RunningBoardServices
0x00007fff57e61000 	/System/Library/PrivateFrameworks/PersistentConnection.framework/Versions/A/PersistentConnection
0x00007fff5a849000 	/System/Library/PrivateFrameworks/ProtocolBuffer.framework/Versions/A/ProtocolBuffer
0x00007fff45981000 	/System/Library/PrivateFrameworks/CommonUtilities.framework/Versions/A/CommonUtilities
0x00007fff43ea6000 	/System/Library/PrivateFrameworks/Bom.framework/Versions/A/Bom
0x00007fff6563c000 	/usr/lib/libAudioToolboxUtility.dylib
0x00007fff43c76000 	/System/Library/PrivateFrameworks/Backup.framework/Versions/A/Backup
0x00007fff48a53000 	/System/Library/PrivateFrameworks/CrashReporterSupport.framework/Versions/A/CrashReporterSupport
0x00007fff5c8e2000 	/System/Library/PrivateFrameworks/Sharing.framework/Versions/A/Sharing
0x00007fff421ba000 	/System/Library/PrivateFrameworks/Apple80211.framework/Versions/A/Apple80211
0x00007fff43993000 	/System/Library/PrivateFrameworks/AuthKit.framework/Versions/A/AuthKit
0x00007fff48760000 	/System/Library/PrivateFrameworks/CoreUtils.framework/Versions/A/CoreUtils
0x00007fff30d32000 	/System/Library/Frameworks/CoreWLAN.framework/Versions/A/CoreWLAN
0x00007fff31956000 	/System/Library/Frameworks/IOBluetooth.framework/Versions/A/IOBluetooth
0x00007fff55a1c000 	/System/Library/PrivateFrameworks/MobileKeyBag.framework/Versions/A/MobileKeyBag
0x00007fff47565000 	/System/Library/PrivateFrameworks/CorePhoneNumbers.framework/Versions/A/CorePhoneNumbers
0x00007fff425aa000 	/System/Library/PrivateFrameworks/AppleIDAuthSupport.framework/Versions/A/AppleIDAuthSupport
0x00007fff3568a000 	/System/Library/Frameworks/Network.framework/Versions/A/Network
0x00007fff540ea000 	/System/Library/PrivateFrameworks/KeychainCircle.framework/Versions/A/KeychainCircle
0x00007fff2e783000 	/System/Library/Frameworks/CoreBluetooth.framework/Versions/A/CoreBluetooth
0x00007fff5e961000 	/System/Library/PrivateFrameworks/SpeechRecognitionCore.framework/Versions/A/SpeechRecognitionCore
0x000000010f600000 	/Library/Java/JavaVirtualMachines/jdk1.8.0_261.jdk/Contents/Home/jre/lib/server/libjvm.dylib
0x000000010e4cb000 	/Library/Java/JavaVirtualMachines/jdk1.8.0_261.jdk/Contents/Home/jre/lib/libverify.dylib
0x000000010e4dc000 	/Library/Java/JavaVirtualMachines/jdk1.8.0_261.jdk/Contents/Home/jre/lib/libjava.dylib
0x000000010e510000 	/Library/Java/JavaVirtualMachines/jdk1.8.0_261.jdk/Contents/Home/jre/lib/libinstrument.dylib
0x000000010e57f000 	/Library/Java/JavaVirtualMachines/jdk1.8.0_261.jdk/Contents/Home/jre/lib/libzip.dylib
0x0000000114729000 	/Library/Java/JavaVirtualMachines/jdk1.8.0_261.jdk/Contents/Home/jre/lib/libnet.dylib
0x0000000114743000 	/Library/Java/JavaVirtualMachines/jdk1.8.0_261.jdk/Contents/Home/jre/lib/libmanagement.dylib
0x0000000114754000 	/Library/Java/JavaVirtualMachines/jdk1.8.0_261.jdk/Contents/Home/jre/lib/libnio.dylib
0x000000012be9b000 	/Library/Java/JavaVirtualMachines/jdk1.8.0_261.jdk/Contents/Home/jre/lib/libawt.dylib
0x000000012bf3b000 	/Library/Java/JavaVirtualMachines/jdk1.8.0_261.jdk/Contents/Home/jre/lib/libmlib_image.dylib
0x00007fff33672000 	/System/Library/Frameworks/JavaVM.framework/Versions/A/Frameworks/JavaNativeFoundation.framework/Versions/A/JavaNativeFoundation
0x00007fff3367b000 	/System/Library/Frameworks/JavaVM.framework/Versions/A/Frameworks/JavaRuntimeSupport.framework/Versions/A/JavaRuntimeSupport
0x00007fff33683000 	/System/Library/Frameworks/JavaVM.framework/Versions/A/JavaVM
0x00007fff53f01000 	/System/Library/PrivateFrameworks/JavaLaunching.framework/Versions/A/JavaLaunching
0x00007fff2d954000 	/System/Library/Frameworks/Carbon.framework/Versions/A/Carbon
0x00007fff48505000 	/System/Library/PrivateFrameworks/CoreSymbolication.framework/Versions/A/CoreSymbolication
0x00007fff2d955000 	/System/Library/Frameworks/Carbon.framework/Versions/A/Frameworks/CommonPanels.framework/Versions/A/CommonPanels
0x00007fff2dc4e000 	/System/Library/Frameworks/Carbon.framework/Versions/A/Frameworks/Help.framework/Versions/A/Help
0x00007fff2dc52000 	/System/Library/Frameworks/Carbon.framework/Versions/A/Frameworks/ImageCapture.framework/Versions/A/ImageCapture
0x00007fff2dc59000 	/System/Library/Frameworks/Carbon.framework/Versions/A/Frameworks/OpenScripting.framework/Versions/A/OpenScripting
0x00007fff2dc58000 	/System/Library/Frameworks/Carbon.framework/Versions/A/Frameworks/Ink.framework/Versions/A/Ink
0x00007fff2dc94000 	/System/Library/Frameworks/Carbon.framework/Versions/A/Frameworks/Print.framework/Versions/A/Print
0x00007fff2dc95000 	/System/Library/Frameworks/Carbon.framework/Versions/A/Frameworks/SecurityHI.framework/Versions/A/SecurityHI
0x00007fff48c87000 	/System/Library/PrivateFrameworks/DebugSymbols.framework/Versions/A/DebugSymbols
0x000000012bffa000 	/Library/Java/JavaVirtualMachines/jdk1.8.0_261.jdk/Contents/Home/jre/lib/libawt_lwawt.dylib
0x0000000114766000 	/Library/Java/JavaVirtualMachines/jdk1.8.0_261.jdk/Contents/Home/jre/lib/libosxapp.dylib
0x00007fff31232000 	/System/Library/Frameworks/ExceptionHandling.framework/Versions/A/ExceptionHandling
0x00007fff47f7e000 	/System/Library/PrivateFrameworks/CoreServicesInternal.framework/Versions/A/CoreServicesInternal
0x00007fff31251000 	/System/Library/Frameworks/FileProvider.framework/Versions/A/FileProvider
0x00007fff2bde4000 	/System/Library/Frameworks/Accounts.framework/Versions/A/Accounts
0x00007fff50354000 	/System/Library/PrivateFrameworks/GenerationalStorage.framework/Versions/A/GenerationalStorage
0x00007fff5f1a3000 	/System/Library/PrivateFrameworks/SymptomDiagnosticReporter.framework/Versions/A/SymptomDiagnosticReporter
0x00007fff41cbe000 	/System/Library/PrivateFrameworks/AppContainer.framework/Versions/A/AppContainer
0x00007fff67b9a000 	/usr/lib/libsandbox.1.dylib
0x00007fff60afc000 	/System/Library/PrivateFrameworks/UserManagement.framework/Versions/A/UserManagement
0x00007fff44a62000 	/System/Library/PrivateFrameworks/ChunkingLibrary.framework/Versions/A/ChunkingLibrary
0x00007fff41d30000 	/System/Library/PrivateFrameworks/AppSandbox.framework/Versions/A/AppSandbox
0x00007fff5c76c000 	/System/Library/PrivateFrameworks/SecCodeWrapper.framework/Versions/A/SecCodeWrapper
0x00007fff65a51000 	/usr/lib/libMatch.1.dylib
0x00007fff21dcc000 	/System/Library/CoreServices/RawCamera.bundle/Contents/MacOS/RawCamera
0x00007fff55846000 	/System/Library/PrivateFrameworks/MobileAsset.framework/Versions/A/MobileAsset
0x00007fff5f04b000 	/System/Library/PrivateFrameworks/StreamingZip.framework/Versions/A/StreamingZip
0x00007fff33b03000 	/System/Library/Frameworks/MediaToolbox.framework/Versions/A/MediaToolbox
0x00007fff46475000 	/System/Library/PrivateFrameworks/CoreAVCHD.framework/Versions/A/CoreAVCHD
0x00007fff33a2d000 	/System/Library/Frameworks/MediaAccessibility.framework/Versions/A/MediaAccessibility
0x00007fff54bfa000 	/System/Library/PrivateFrameworks/Mangrove.framework/Versions/A/Mangrove
0x00007fff2fefa000 	/System/Library/Frameworks/CoreMedia.framework/Versions/A/CoreMedia
0x00007fff54e66000 	/System/Library/PrivateFrameworks/MediaExperience.framework/Versions/A/MediaExperience
0x00007fff3c9dc000 	/System/Library/Frameworks/VideoToolbox.framework/Versions/A/VideoToolbox
0x00007fff4609f000 	/System/Library/PrivateFrameworks/CoreAUC.framework/Versions/A/CoreAUC
0x00007fff67bf2000 	/usr/lib/libspindump.dylib
0x00007fff430fe000 	/System/Library/PrivateFrameworks/AudioResourceArbitration.framework/Versions/A/AudioResourceArbitration
0x00007fff42b13000 	/System/Library/PrivateFrameworks/AppleVA.framework/Versions/A/AppleVA
0x00007fff2a962000 	/System/Library/Frameworks/Accelerate.framework/Versions/A/Frameworks/vImage.framework/Versions/A/Libraries/libCGInterfaces.dylib
0x000000012d544000 	/usr/lib/libobjc-trampolines.dylib
0x00007fff4b3ea000 	/System/Library/PrivateFrameworks/FontServices.framework/libTrueTypeScaler.dylib
0x00007fff276da000 	/System/Library/Extensions/AppleIntelKBLGraphicsMTLDriver.bundle/Contents/MacOS/AppleIntelKBLGraphicsMTLDriver
0x00007fff4e974000 	/System/Library/PrivateFrameworks/GPUCompiler.framework/Versions/3902/Libraries/libmetal_timestamp.dylib
0x00007fff618c8000 	/System/Library/PrivateFrameworks/ViewBridge.framework/Versions/A/ViewBridge
0x000000012e531000 	/Library/Java/JavaVirtualMachines/jdk1.8.0_261.jdk/Contents/Home/jre/lib/libfontmanager.dylib
0x000000012e7ae000 	/Users/davidwang/.gradle/caches/minecraft/net/minecraft/natives/1.8.9/liblwjgl.dylib
0x000000012dd01000 	/Library/Java/JavaVirtualMachines/jdk1.8.0_261.jdk/Contents/Home/jre/lib/libjawt.dylib
0x00007fff3986e000 	/System/Library/Frameworks/OpenGL.framework/Versions/A/Resources/GLEngine.bundle/GLEngine
0x00007fff38c51000 	/System/Library/Frameworks/OpenGL.framework/Versions/A/Libraries/libGLProgrammability.dylib
0x00007fff266d2000 	/System/Library/Extensions/AppleIntelKBLGraphicsGLDriver.bundle/Contents/MacOS/AppleIntelKBLGraphicsGLDriver
0x00007fff50023000 	/System/Library/PrivateFrameworks/GPUSupport.framework/Versions/A/Libraries/libGPUSupportMercury.dylib
0x00007fff399e8000 	/System/Library/Frameworks/OpenGL.framework/Versions/A/Resources/GLRendererFloat.bundle/GLRendererFloat
0x00007fff3820a000 	/System/Library/Frameworks/OpenCL.framework/Versions/A/Libraries/libcldcpuengine.dylib
0x00007fff62b59000 	/System/Library/PrivateFrameworks/login.framework/Versions/A/login

VM Arguments:
jvm_args: -javaagent:/Applications/IntelliJ IDEA CE.app/Contents/lib/idea_rt.jar=60067:/Applications/IntelliJ IDEA CE.app/Contents/bin -Dfile.encoding=UTF-8 
java_command: GradleStart
java_class_path (initial): /Library/Java/JavaVirtualMachines/jdk1.8.0_261.jdk/Contents/Home/jre/lib/charsets.jar:/Library/Java/JavaVirtualMachines/jdk1.8.0_261.jdk/Contents/Home/jre/lib/deploy.jar:/Library/Java/JavaVirtualMachines/jdk1.8.0_261.jdk/Contents/Home/jre/lib/ext/cldrdata.jar:/Library/Java/JavaVirtualMachines/jdk1.8.0_261.jdk/Contents/Home/jre/lib/ext/dnsns.jar:/Library/Java/JavaVirtualMachines/jdk1.8.0_261.jdk/Contents/Home/jre/lib/ext/jaccess.jar:/Library/Java/JavaVirtualMachines/jdk1.8.0_261.jdk/Contents/Home/jre/lib/ext/jfxrt.jar:/Library/Java/JavaVirtualMachines/jdk1.8.0_261.jdk/Contents/Home/jre/lib/ext/localedata.jar:/Library/Java/JavaVirtualMachines/jdk1.8.0_261.jdk/Contents/Home/jre/lib/ext/nashorn.jar:/Library/Java/JavaVirtualMachines/jdk1.8.0_261.jdk/Contents/Home/jre/lib/ext/sunec.jar:/Library/Java/JavaVirtualMachines/jdk1.8.0_261.jdk/Contents/Home/jre/lib/ext/sunjce_provider.jar:/Library/Java/JavaVirtualMachines/jdk1.8.0_261.jdk/Contents/Home/jre/lib/ext/sunpkcs11.jar:/Library/Java/JavaVirtualMachines/jdk1.8.0_261.jdk/Contents/Home/jre/lib/ext/zipfs.jar:/Library/Java/JavaVirtualMachines/jdk1.8.0_261.jdk/Contents/Home/jre/lib/javaws.jar:/Library/Java/JavaVirtualMachines/jdk1.8.0_261.jdk/Contents/Home/jre/lib/jce.jar:/Library/Java/JavaVirtualMachines/jdk1.8.0_261.jdk/Contents/Home/jre/lib/jfr.jar:/Library/Java/JavaVirtualMachines/jdk1.8.0_261.jdk/Contents/Home/jre/lib/jfxswt.jar:/Library/Java/JavaVirtualMachines/jdk1.8.0_261.jdk/Contents/Home/jre/lib/jsse.jar:/Library/Java/JavaVirtualMachines/jdk1.8.0_261.jdk/Contents/Home/jre/lib/management-agent.jar:/Library/Java/JavaVirtualMachines/jdk1.8.0_261.jdk/Contents/Home/jre/lib/plugin.jar:/Library/Java/JavaVirtualMachines/jdk1.8.0_261.jdk/Contents/Home/jre/lib/resources.jar:/Library/Java/JavaVirtualMachines/jdk1.8.0_261.jdk/Contents/Home/jre/lib/rt.jar:/Library/Java/JavaVirtualMachines/jdk1.8.0_261.jdk/Contents/Home/lib/ant-javafx.jar:/Library/Java/JavaVirtualMachines/jdk1.8.0_261.jdk/Contents/Home
Launcher Type: SUN_STANDARD

Environment Variables:
PATH=/Users/davidwang/opt/anaconda3/bin:/Users/davidwang/opt/anaconda3/condabin:/usr/local/bin:/usr/bin:/bin:/usr/sbin:/sbin
SHELL=/bin/bash

Signal Handlers:
SIGSEGV: [libjvm.dylib+0x5a009b], sa_mask[0]=11111111011111110111111111111111, sa_flags=SA_ONSTACK|SA_RESTART|SA_SIGINFO
SIGBUS: [libjvm.dylib+0x5a009b], sa_mask[0]=11111111011111110111111111111111, sa_flags=SA_RESTART|SA_SIGINFO
SIGFPE: [libjvm.dylib+0x490c6d], sa_mask[0]=11111111011111110111111111111111, sa_flags=SA_RESTART|SA_SIGINFO
SIGPIPE: [libjvm.dylib+0x490c6d], sa_mask[0]=11111111011111110111111111111111, sa_flags=SA_RESTART|SA_SIGINFO
SIGXFSZ: [libjvm.dylib+0x490c6d], sa_mask[0]=11111111011111110111111111111111, sa_flags=SA_RESTART|SA_SIGINFO
SIGILL: [libjvm.dylib+0x490c6d], sa_mask[0]=11111111011111110111111111111111, sa_flags=SA_RESTART|SA_SIGINFO
SIGUSR1: SIG_DFL, sa_mask[0]=00000000000000000000000000000000, sa_flags=none
SIGUSR2: [libjvm.dylib+0x491566], sa_mask[0]=00100000000000000000000000000000, sa_flags=SA_RESTART|SA_SIGINFO
SIGHUP: [libjvm.dylib+0x48f775], sa_mask[0]=11111111011111110111111111111111, sa_flags=SA_RESTART|SA_SIGINFO
SIGINT: [libjvm.dylib+0x48f775], sa_mask[0]=11111111011111110111111111111111, sa_flags=SA_RESTART|SA_SIGINFO
SIGTERM: [libjvm.dylib+0x48f775], sa_mask[0]=11111111011111110111111111111111, sa_flags=SA_RESTART|SA_SIGINFO
SIGQUIT: [libjvm.dylib+0x48f775], sa_mask[0]=11111111011111110111111111111111, sa_flags=SA_RESTART|SA_SIGINFO


---------------  S Y S T E M  ---------------

OS:Bsduname:Darwin 19.6.0 Darwin Kernel Version 19.6.0: Thu Oct 29 22:56:45 PDT 2020; root:xnu-6153.141.2.2~1/RELEASE_X86_64 x86_64
rlimit: STACK 8192k, CORE 0k, NPROC 2784, NOFILE 10240, AS infinity
load average:2.11 2.26 2.30

CPU:total 8 (initial active 8) (4 cores per cpu, 2 threads per core) family 6 model 142 stepping 10, cmov, cx8, fxsr, mmx, sse, sse2, sse3, ssse3, sse4.1, sse4.2, popcnt, avx, avx2, aes, clmul, erms, 3dnowpref, lzcnt, ht, tsc, tscinvbit, bmi1, bmi2, adx

Memory: 4k page, physical 16777216k(1943544k free)

/proc/meminfo:


vm_info: Java HotSpot(TM) 64-Bit Server VM (25.261-b12) for bsd-amd64 JRE (1.8.0_261-b12), built on Jun 18 2020 06:38:55 by "java_re" with gcc 4.2.1 Compatible Apple LLVM 10.0.0 (clang-1000.11.45.5)

time: Tue Nov 24 10:21:54 2020
timezone: PST
elapsed time: 17 seconds (0d 0h 0m 17s)

